{"/Users/rabihutomo/code/erp.codeverta.com/apps/admin/src/components/CompanySelect.tsx": {"path":"/Users/rabihutomo/code/erp.codeverta.com/apps/admin/src/components/CompanySelect.tsx","statementMap":{"0":{"start":{"line":30,"column":68},"end":{"line":30,"column":null}},"1":{"start":{"line":32,"column":2},"end":{"line":35,"column":null}},"2":{"start":{"line":33,"column":24},"end":{"line":33,"column":null}},"3":{"start":{"line":34,"column":4},"end":{"line":34,"column":null}},"4":{"start":{"line":34,"column":44},"end":{"line":34,"column":null}},"5":{"start":{"line":37,"column":23},"end":{"line":40,"column":null}},"6":{"start":{"line":38,"column":4},"end":{"line":38,"column":null}},"7":{"start":{"line":39,"column":4},"end":{"line":39,"column":null}},"8":{"start":{"line":42,"column":2},"end":{"line":55,"column":null}},"9":{"start":{"line":49,"column":38},"end":{"line":49,"column":112}}},"fnMap":{"0":{"name":"CompanySelect","decl":{"start":{"line":21,"column":16},"end":{"line":21,"column":30}},"loc":{"start":{"line":29,"column":23},"end":{"line":57,"column":null}},"line":29},"1":{"name":"(anonymous_1)","decl":{"start":{"line":32,"column":12},"end":{"line":32,"column":18}},"loc":{"start":{"line":32,"column":18},"end":{"line":35,"column":5}},"line":32},"2":{"name":"(anonymous_2)","decl":{"start":{"line":37,"column":23},"end":{"line":37,"column":24}},"loc":{"start":{"line":37,"column":48},"end":{"line":40,"column":null}},"line":37},"3":{"name":"(anonymous_3)","decl":{"start":{"line":49,"column":24},"end":{"line":49,"column":25}},"loc":{"start":{"line":49,"column":38},"end":{"line":49,"column":112}},"line":49}},"branchMap":{"0":{"loc":{"start":{"line":22,"column":2},"end":{"line":22,"column":null}},"type":"default-arg","locations":[{"start":{"line":22,"column":10},"end":{"line":22,"column":null}}],"line":22},"1":{"loc":{"start":{"line":26,"column":2},"end":{"line":26,"column":null}},"type":"default-arg","locations":[{"start":{"line":26,"column":16},"end":{"line":26,"column":null}}],"line":26},"2":{"loc":{"start":{"line":27,"column":2},"end":{"line":27,"column":null}},"type":"default-arg","locations":[{"start":{"line":27,"column":20},"end":{"line":27,"column":null}}],"line":27},"3":{"loc":{"start":{"line":28,"column":16},"end":{"line":28,"column":null}},"type":"default-arg","locations":[{"start":{"line":28,"column":28},"end":{"line":28,"column":null}}],"line":28},"4":{"loc":{"start":{"line":33,"column":24},"end":{"line":33,"column":null}},"type":"binary-expr","locations":[{"start":{"line":33,"column":24},"end":{"line":33,"column":48}},{"start":{"line":33,"column":48},"end":{"line":33,"column":null}}],"line":33},"5":{"loc":{"start":{"line":33,"column":48},"end":{"line":33,"column":null}},"type":"cond-expr","locations":[{"start":{"line":33,"column":59},"end":{"line":33,"column":91}},{"start":{"line":33,"column":91},"end":{"line":33,"column":null}}],"line":33},"6":{"loc":{"start":{"line":34,"column":4},"end":{"line":34,"column":null}},"type":"if","locations":[{"start":{"line":34,"column":4},"end":{"line":34,"column":null}},{"start":{},"end":{}}],"line":34},"7":{"loc":{"start":{"line":34,"column":8},"end":{"line":34,"column":44}},"type":"binary-expr","locations":[{"start":{"line":34,"column":8},"end":{"line":34,"column":18}},{"start":{"line":34,"column":18},"end":{"line":34,"column":33}},{"start":{"line":34,"column":33},"end":{"line":34,"column":44}}],"line":34},"8":{"loc":{"start":{"line":46,"column":16},"end":{"line":46,"column":null}},"type":"binary-expr","locations":[{"start":{"line":46,"column":16},"end":{"line":46,"column":28}},{"start":{"line":46,"column":28},"end":{"line":46,"column":null}}],"line":46},"9":{"loc":{"start":{"line":48,"column":15},"end":{"line":50,"column":null}},"type":"cond-expr","locations":[{"start":{"line":49,"column":10},"end":{"line":49,"column":null}},{"start":{"line":50,"column":10},"end":{"line":50,"column":null}}],"line":48},"10":{"loc":{"start":{"line":51,"column":19},"end":{"line":51,"column":null}},"type":"cond-expr","locations":[{"start":{"line":51,"column":29},"end":{"line":51,"column":51}},{"start":{"line":51,"column":51},"end":{"line":51,"column":null}}],"line":51}},"s":{"0":12,"1":12,"2":12,"3":12,"4":0,"5":12,"6":0,"7":0,"8":12,"9":0},"f":{"0":12,"1":12,"2":0,"3":0},"b":{"0":[12],"1":[12],"2":[12],"3":[12],"4":[12,12],"5":[12,0],"6":[0,12],"7":[12,12,0],"8":[12,12],"9":[0,12],"10":[0,12]},"meta":{"lastBranch":11,"lastFunction":4,"lastStatement":10,"seen":{"f:21:16:21:30":0,"b:22:10:22:Infinity":0,"b:26:16:26:Infinity":1,"b:27:20:27:Infinity":2,"b:28:28:28:Infinity":3,"s:30:68:30:Infinity":0,"s:32:2:35:Infinity":1,"f:32:12:32:18":1,"s:33:24:33:Infinity":2,"b:33:24:33:48:33:48:33:Infinity":4,"b:33:59:33:91:33:91:33:Infinity":5,"b:34:4:34:Infinity:undefined:undefined:undefined:undefined":6,"s:34:4:34:Infinity":3,"b:34:8:34:18:34:18:34:33:34:33:34:44":7,"s:34:44:34:Infinity":4,"s:37:23:40:Infinity":5,"f:37:23:37:24":2,"s:38:4:38:Infinity":6,"s:39:4:39:Infinity":7,"s:42:2:55:Infinity":8,"b:46:16:46:28:46:28:46:Infinity":8,"b:49:10:49:Infinity:50:10:50:Infinity":9,"f:49:24:49:25":3,"s:49:38:49:112":9,"b:51:29:51:51:51:51:51:Infinity":10}}}
,"/Users/rabihutomo/code/erp.codeverta.com/apps/admin/src/components/ui/badge.tsx": {"path":"/Users/rabihutomo/code/erp.codeverta.com/apps/admin/src/components/ui/badge.tsx","statementMap":{"0":{"start":{"line":7,"column":6},"end":{"line":26,"column":null}},"1":{"start":{"line":35,"column":15},"end":{"line":35,"column":null}},"2":{"start":{"line":37,"column":2},"end":{"line":42,"column":null}}},"fnMap":{"0":{"name":"Badge","decl":{"start":{"line":28,"column":9},"end":{"line":28,"column":15}},"loc":{"start":{"line":34,"column":62},"end":{"line":44,"column":null}},"line":34}},"branchMap":{"0":{"loc":{"start":{"line":31,"column":2},"end":{"line":31,"column":null}},"type":"default-arg","locations":[{"start":{"line":31,"column":12},"end":{"line":31,"column":null}}],"line":31},"1":{"loc":{"start":{"line":35,"column":15},"end":{"line":35,"column":null}},"type":"cond-expr","locations":[{"start":{"line":35,"column":25},"end":{"line":35,"column":32}},{"start":{"line":35,"column":32},"end":{"line":35,"column":null}}],"line":35}},"s":{"0":1,"1":12,"2":12},"f":{"0":12},"b":{"0":[12],"1":[0,12]},"meta":{"lastBranch":2,"lastFunction":1,"lastStatement":3,"seen":{"s:7:6:26:Infinity":0,"f:28:9:28:15":0,"b:31:12:31:Infinity":0,"s:35:15:35:Infinity":1,"b:35:25:35:32:35:32:35:Infinity":1,"s:37:2:42:Infinity":2}}}
,"/Users/rabihutomo/code/erp.codeverta.com/apps/admin/src/components/ui/button.tsx": {"path":"/Users/rabihutomo/code/erp.codeverta.com/apps/admin/src/components/ui/button.tsx","statementMap":{"0":{"start":{"line":7,"column":6},"end":{"line":36,"column":null}},"1":{"start":{"line":48,"column":15},"end":{"line":48,"column":null}},"2":{"start":{"line":50,"column":2},"end":{"line":55,"column":null}}},"fnMap":{"0":{"name":"Button","decl":{"start":{"line":38,"column":9},"end":{"line":38,"column":16}},"loc":{"start":{"line":47,"column":5},"end":{"line":57,"column":null}},"line":47}},"branchMap":{"0":{"loc":{"start":{"line":42,"column":2},"end":{"line":42,"column":null}},"type":"default-arg","locations":[{"start":{"line":42,"column":12},"end":{"line":42,"column":null}}],"line":42},"1":{"loc":{"start":{"line":48,"column":15},"end":{"line":48,"column":null}},"type":"cond-expr","locations":[{"start":{"line":48,"column":25},"end":{"line":48,"column":32}},{"start":{"line":48,"column":32},"end":{"line":48,"column":null}}],"line":48}},"s":{"0":1,"1":81,"2":81},"f":{"0":81},"b":{"0":[81],"1":[12,69]},"meta":{"lastBranch":2,"lastFunction":1,"lastStatement":3,"seen":{"s:7:6:36:Infinity":0,"f:38:9:38:16":0,"b:42:12:42:Infinity":0,"s:48:15:48:Infinity":1,"b:48:25:48:32:48:32:48:Infinity":1,"s:50:2:55:Infinity":2}}}
,"/Users/rabihutomo/code/erp.codeverta.com/apps/admin/src/components/ui/checkbox.tsx": {"path":"/Users/rabihutomo/code/erp.codeverta.com/apps/admin/src/components/ui/checkbox.tsx","statementMap":{"0":{"start":{"line":11,"column":2},"end":{"line":26,"column":null}}},"fnMap":{"0":{"name":"Checkbox","decl":{"start":{"line":7,"column":9},"end":{"line":7,"column":18}},"loc":{"start":{"line":10,"column":56},"end":{"line":28,"column":null}},"line":10}},"branchMap":{},"s":{"0":108},"f":{"0":108},"b":{},"meta":{"lastBranch":0,"lastFunction":1,"lastStatement":1,"seen":{"f:7:9:7:18":0,"s:11:2:26:Infinity":0}}}
,"/Users/rabihutomo/code/erp.codeverta.com/apps/admin/src/components/ui/data-table.tsx": {"path":"/Users/rabihutomo/code/erp.codeverta.com/apps/admin/src/components/ui/data-table.tsx","statementMap":{"0":{"start":{"line":48,"column":20},"end":{"line":59,"column":null}},"1":{"start":{"line":49,"column":14},"end":{"line":49,"column":null}},"2":{"start":{"line":50,"column":17},"end":{"line":50,"column":null}},"3":{"start":{"line":51,"column":30},"end":{"line":51,"column":null}},"4":{"start":{"line":52,"column":19},"end":{"line":52,"column":null}},"5":{"start":{"line":53,"column":2},"end":{"line":53,"column":null}},"6":{"start":{"line":53,"column":17},"end":{"line":53,"column":null}},"7":{"start":{"line":54,"column":2},"end":{"line":54,"column":null}},"8":{"start":{"line":54,"column":36},"end":{"line":54,"column":null}},"9":{"start":{"line":55,"column":2},"end":{"line":55,"column":null}},"10":{"start":{"line":55,"column":40},"end":{"line":55,"column":null}},"11":{"start":{"line":56,"column":2},"end":{"line":56,"column":null}},"12":{"start":{"line":56,"column":41},"end":{"line":56,"column":null}},"13":{"start":{"line":57,"column":2},"end":{"line":57,"column":null}},"14":{"start":{"line":57,"column":38},"end":{"line":57,"column":null}},"15":{"start":{"line":58,"column":2},"end":{"line":58,"column":null}},"16":{"start":{"line":75,"column":32},"end":{"line":75,"column":null}},"17":{"start":{"line":76,"column":44},"end":{"line":76,"column":null}},"18":{"start":{"line":77,"column":42},"end":{"line":77,"column":null}},"19":{"start":{"line":78,"column":38},"end":{"line":78,"column":null}},"20":{"start":{"line":80,"column":28},"end":{"line":83,"column":null}},"21":{"start":{"line":81,"column":10},"end":{"line":81,"column":null}},"22":{"start":{"line":81,"column":42},"end":{"line":81,"column":114}},"23":{"start":{"line":84,"column":26},"end":{"line":87,"column":null}},"24":{"start":{"line":85,"column":10},"end":{"line":85,"column":null}},"25":{"start":{"line":85,"column":42},"end":{"line":85,"column":109}},"26":{"start":{"line":88,"column":28},"end":{"line":88,"column":null}},"27":{"start":{"line":88,"column":48},"end":{"line":88,"column":113}},"28":{"start":{"line":88,"column":73},"end":{"line":88,"column":110}},"29":{"start":{"line":90,"column":8},"end":{"line":103,"column":null}},"30":{"start":{"line":105,"column":20},"end":{"line":109,"column":null}},"31":{"start":{"line":106,"column":18},"end":{"line":106,"column":null}},"32":{"start":{"line":106,"column":58},"end":{"line":106,"column":138}},"33":{"start":{"line":106,"column":90},"end":{"line":106,"column":137}},"34":{"start":{"line":107,"column":15},"end":{"line":107,"column":null}},"35":{"start":{"line":108,"column":4},"end":{"line":108,"column":null}},"36":{"start":{"line":108,"column":12},"end":{"line":108,"column":null}},"37":{"start":{"line":108,"column":42},"end":{"line":108,"column":106}},"38":{"start":{"line":110,"column":23},"end":{"line":116,"column":null}},"39":{"start":{"line":111,"column":4},"end":{"line":115,"column":null}},"40":{"start":{"line":111,"column":34},"end":{"line":115,"column":6}},"41":{"start":{"line":112,"column":6},"end":{"line":112,"column":null}},"42":{"start":{"line":112,"column":33},"end":{"line":112,"column":null}},"43":{"start":{"line":113,"column":21},"end":{"line":113,"column":null}},"44":{"start":{"line":114,"column":6},"end":{"line":114,"column":null}},"45":{"start":{"line":117,"column":20},"end":{"line":117,"column":null}},"46":{"start":{"line":117,"column":60},"end":{"line":117,"column":131}},"47":{"start":{"line":117,"column":91},"end":{"line":117,"column":130}},"48":{"start":{"line":119,"column":2},"end":{"line":192,"column":null}},"49":{"start":{"line":125,"column":87},"end":{"line":125,"column":124}},"50":{"start":{"line":129,"column":117},"end":{"line":129,"column":162}},"51":{"start":{"line":129,"column":149},"end":{"line":129,"column":162}},"52":{"start":{"line":137,"column":32},"end":{"line":137,"column":null}},"53":{"start":{"line":138,"column":18},"end":{"line":150,"column":null}},"54":{"start":{"line":140,"column":77},"end":{"line":140,"column":null}},"55":{"start":{"line":142,"column":92},"end":{"line":142,"column":125}},"56":{"start":{"line":142,"column":125},"end":{"line":142,"column":259}},"57":{"start":{"line":144,"column":82},"end":{"line":144,"column":null}},"58":{"start":{"line":148,"column":96},"end":{"line":148,"column":148}},"59":{"start":{"line":149,"column":118},"end":{"line":149,"column":204}},"60":{"start":{"line":149,"column":148},"end":{"line":149,"column":201}},"61":{"start":{"line":149,"column":181},"end":{"line":149,"column":200}},"62":{"start":{"line":156,"column":61},"end":{"line":156,"column":83}},"63":{"start":{"line":157,"column":98},"end":{"line":157,"column":120}},"64":{"start":{"line":165,"column":82},"end":{"line":165,"column":null}},"65":{"start":{"line":167,"column":134},"end":{"line":167,"column":167}},"66":{"start":{"line":167,"column":167},"end":{"line":167,"column":301}},"67":{"start":{"line":169,"column":134},"end":{"line":169,"column":191}},"68":{"start":{"line":177,"column":58},"end":{"line":180,"column":26}},"69":{"start":{"line":178,"column":27},"end":{"line":178,"column":null}},"70":{"start":{"line":179,"column":14},"end":{"line":179,"column":null}},"71":{"start":{"line":183,"column":238},"end":{"line":186,"column":26}},"72":{"start":{"line":183,"column":276},"end":{"line":183,"column":304}},"73":{"start":{"line":184,"column":27},"end":{"line":184,"column":null}},"74":{"start":{"line":185,"column":14},"end":{"line":185,"column":null}},"75":{"start":{"line":188,"column":83},"end":{"line":188,"column":333}},"76":{"start":{"line":188,"column":164},"end":{"line":188,"column":320}},"77":{"start":{"line":191,"column":274},"end":{"line":191,"column":296}},"78":{"start":{"line":191,"column":484},"end":{"line":191,"column":502}}},"fnMap":{"0":{"name":"(anonymous_0)","decl":{"start":{"line":48,"column":20},"end":{"line":48,"column":21}},"loc":{"start":{"line":48,"column":82},"end":{"line":59,"column":null}},"line":48},"1":{"name":"DataTable","decl":{"start":{"line":61,"column":16},"end":{"line":61,"column":51}},"loc":{"start":{"line":74,"column":34},"end":{"line":194,"column":null}},"line":74},"2":{"name":"(anonymous_2)","decl":{"start":{"line":81,"column":4},"end":{"line":81,"column":10}},"loc":{"start":{"line":81,"column":10},"end":{"line":81,"column":null}},"line":81},"3":{"name":"(anonymous_3)","decl":{"start":{"line":81,"column":25},"end":{"line":81,"column":26}},"loc":{"start":{"line":81,"column":42},"end":{"line":81,"column":114}},"line":81},"4":{"name":"(anonymous_4)","decl":{"start":{"line":85,"column":4},"end":{"line":85,"column":10}},"loc":{"start":{"line":85,"column":10},"end":{"line":85,"column":null}},"line":85},"5":{"name":"(anonymous_5)","decl":{"start":{"line":85,"column":25},"end":{"line":85,"column":26}},"loc":{"start":{"line":85,"column":42},"end":{"line":85,"column":109}},"line":85},"6":{"name":"(anonymous_6)","decl":{"start":{"line":88,"column":42},"end":{"line":88,"column":48}},"loc":{"start":{"line":88,"column":48},"end":{"line":88,"column":113}},"line":88},"7":{"name":"(anonymous_7)","decl":{"start":{"line":88,"column":60},"end":{"line":88,"column":61}},"loc":{"start":{"line":88,"column":73},"end":{"line":88,"column":110}},"line":88},"8":{"name":"(anonymous_8)","decl":{"start":{"line":105,"column":20},"end":{"line":105,"column":26}},"loc":{"start":{"line":105,"column":26},"end":{"line":109,"column":null}},"line":105},"9":{"name":"(anonymous_9)","decl":{"start":{"line":106,"column":41},"end":{"line":106,"column":42}},"loc":{"start":{"line":106,"column":58},"end":{"line":106,"column":138}},"line":106},"10":{"name":"(anonymous_10)","decl":{"start":{"line":106,"column":78},"end":{"line":106,"column":79}},"loc":{"start":{"line":106,"column":90},"end":{"line":106,"column":137}},"line":106},"11":{"name":"(anonymous_11)","decl":{"start":{"line":108,"column":29},"end":{"line":108,"column":30}},"loc":{"start":{"line":108,"column":42},"end":{"line":108,"column":106}},"line":108},"12":{"name":"(anonymous_12)","decl":{"start":{"line":110,"column":23},"end":{"line":110,"column":24}},"loc":{"start":{"line":110,"column":89},"end":{"line":116,"column":null}},"line":110},"13":{"name":"(anonymous_13)","decl":{"start":{"line":111,"column":21},"end":{"line":111,"column":22}},"loc":{"start":{"line":111,"column":34},"end":{"line":115,"column":6}},"line":111},"14":{"name":"(anonymous_14)","decl":{"start":{"line":111,"column":46},"end":{"line":111,"column":47}},"loc":{"start":{"line":111,"column":71},"end":{"line":115,"column":5}},"line":111},"15":{"name":"(anonymous_15)","decl":{"start":{"line":117,"column":49},"end":{"line":117,"column":50}},"loc":{"start":{"line":117,"column":60},"end":{"line":117,"column":131}},"line":117},"16":{"name":"(anonymous_16)","decl":{"start":{"line":117,"column":79},"end":{"line":117,"column":80}},"loc":{"start":{"line":117,"column":91},"end":{"line":117,"column":130}},"line":117},"17":{"name":"(anonymous_17)","decl":{"start":{"line":125,"column":76},"end":{"line":125,"column":77}},"loc":{"start":{"line":125,"column":87},"end":{"line":125,"column":124}},"line":125},"18":{"name":"(anonymous_18)","decl":{"start":{"line":129,"column":109},"end":{"line":129,"column":115}},"loc":{"start":{"line":129,"column":115},"end":{"line":129,"column":null}},"line":129},"19":{"name":"(anonymous_19)","decl":{"start":{"line":136,"column":35},"end":{"line":136,"column":36}},"loc":{"start":{"line":136,"column":54},"end":{"line":152,"column":17}},"line":136},"20":{"name":"(anonymous_20)","decl":{"start":{"line":140,"column":63},"end":{"line":140,"column":64}},"loc":{"start":{"line":140,"column":77},"end":{"line":140,"column":null}},"line":140},"21":{"name":"(anonymous_21)","decl":{"start":{"line":142,"column":62},"end":{"line":142,"column":63}},"loc":{"start":{"line":142,"column":79},"end":{"line":142,"column":260}},"line":142},"22":{"name":"(anonymous_22)","decl":{"start":{"line":144,"column":68},"end":{"line":144,"column":69}},"loc":{"start":{"line":144,"column":82},"end":{"line":144,"column":null}},"line":144},"23":{"name":"(anonymous_23)","decl":{"start":{"line":148,"column":85},"end":{"line":148,"column":86}},"loc":{"start":{"line":148,"column":96},"end":{"line":148,"column":148}},"line":148},"24":{"name":"(anonymous_24)","decl":{"start":{"line":149,"column":112},"end":{"line":149,"column":118}},"loc":{"start":{"line":149,"column":118},"end":{"line":149,"column":204}},"line":149},"25":{"name":"(anonymous_25)","decl":{"start":{"line":149,"column":135},"end":{"line":149,"column":136}},"loc":{"start":{"line":149,"column":148},"end":{"line":149,"column":201}},"line":149},"26":{"name":"(anonymous_26)","decl":{"start":{"line":149,"column":163},"end":{"line":149,"column":164}},"loc":{"start":{"line":149,"column":181},"end":{"line":149,"column":200}},"line":149},"27":{"name":"(anonymous_27)","decl":{"start":{"line":156,"column":55},"end":{"line":156,"column":61}},"loc":{"start":{"line":156,"column":61},"end":{"line":156,"column":83}},"line":156},"28":{"name":"(anonymous_28)","decl":{"start":{"line":157,"column":92},"end":{"line":157,"column":98}},"loc":{"start":{"line":157,"column":98},"end":{"line":157,"column":120}},"line":157},"29":{"name":"(anonymous_29)","decl":{"start":{"line":165,"column":68},"end":{"line":165,"column":69}},"loc":{"start":{"line":165,"column":82},"end":{"line":165,"column":null}},"line":165},"30":{"name":"(anonymous_30)","decl":{"start":{"line":167,"column":104},"end":{"line":167,"column":105}},"loc":{"start":{"line":167,"column":121},"end":{"line":167,"column":302}},"line":167},"31":{"name":"(anonymous_31)","decl":{"start":{"line":169,"column":128},"end":{"line":169,"column":134}},"loc":{"start":{"line":169,"column":134},"end":{"line":169,"column":191}},"line":169},"32":{"name":"(anonymous_32)","decl":{"start":{"line":177,"column":41},"end":{"line":177,"column":42}},"loc":{"start":{"line":177,"column":58},"end":{"line":180,"column":26}},"line":177},"33":{"name":"(anonymous_33)","decl":{"start":{"line":177,"column":127},"end":{"line":177,"column":128}},"loc":{"start":{"line":177,"column":139},"end":{"line":180,"column":13}},"line":177},"34":{"name":"(anonymous_34)","decl":{"start":{"line":183,"column":229},"end":{"line":183,"column":230}},"loc":{"start":{"line":183,"column":238},"end":{"line":186,"column":26}},"line":183},"35":{"name":"(anonymous_35)","decl":{"start":{"line":183,"column":270},"end":{"line":183,"column":276}},"loc":{"start":{"line":183,"column":276},"end":{"line":183,"column":304}},"line":183},"36":{"name":"(anonymous_36)","decl":{"start":{"line":183,"column":378},"end":{"line":183,"column":379}},"loc":{"start":{"line":183,"column":388},"end":{"line":186,"column":13}},"line":183},"37":{"name":"(anonymous_37)","decl":{"start":{"line":188,"column":66},"end":{"line":188,"column":67}},"loc":{"start":{"line":188,"column":83},"end":{"line":188,"column":333}},"line":188},"38":{"name":"(anonymous_38)","decl":{"start":{"line":188,"column":152},"end":{"line":188,"column":153}},"loc":{"start":{"line":188,"column":164},"end":{"line":188,"column":320}},"line":188},"39":{"name":"(anonymous_39)","decl":{"start":{"line":191,"column":268},"end":{"line":191,"column":274}},"loc":{"start":{"line":191,"column":274},"end":{"line":191,"column":296}},"line":191},"40":{"name":"(anonymous_40)","decl":{"start":{"line":191,"column":478},"end":{"line":191,"column":484}},"loc":{"start":{"line":191,"column":484},"end":{"line":191,"column":502}},"line":191}},"branchMap":{"0":{"loc":{"start":{"line":50,"column":24},"end":{"line":50,"column":33}},"type":"binary-expr","locations":[{"start":{"line":50,"column":24},"end":{"line":50,"column":31}},{"start":{"line":50,"column":31},"end":{"line":50,"column":33}}],"line":50},"1":{"loc":{"start":{"line":51,"column":30},"end":{"line":51,"column":null}},"type":"cond-expr","locations":[{"start":{"line":51,"column":59},"end":{"line":51,"column":101}},{"start":{"line":51,"column":101},"end":{"line":51,"column":null}}],"line":51},"2":{"loc":{"start":{"line":52,"column":26},"end":{"line":52,"column":45}},"type":"binary-expr","locations":[{"start":{"line":52,"column":26},"end":{"line":52,"column":43}},{"start":{"line":52,"column":43},"end":{"line":52,"column":45}}],"line":52},"3":{"loc":{"start":{"line":53,"column":2},"end":{"line":53,"column":null}},"type":"if","locations":[{"start":{"line":53,"column":2},"end":{"line":53,"column":null}},{"start":{},"end":{}}],"line":53},"4":{"loc":{"start":{"line":54,"column":2},"end":{"line":54,"column":null}},"type":"if","locations":[{"start":{"line":54,"column":2},"end":{"line":54,"column":null}},{"start":{},"end":{}}],"line":54},"5":{"loc":{"start":{"line":55,"column":2},"end":{"line":55,"column":null}},"type":"if","locations":[{"start":{"line":55,"column":2},"end":{"line":55,"column":null}},{"start":{},"end":{}}],"line":55},"6":{"loc":{"start":{"line":56,"column":2},"end":{"line":56,"column":null}},"type":"if","locations":[{"start":{"line":56,"column":2},"end":{"line":56,"column":null}},{"start":{},"end":{}}],"line":56},"7":{"loc":{"start":{"line":57,"column":2},"end":{"line":57,"column":null}},"type":"if","locations":[{"start":{"line":57,"column":2},"end":{"line":57,"column":null}},{"start":{},"end":{}}],"line":57},"8":{"loc":{"start":{"line":64,"column":2},"end":{"line":64,"column":null}},"type":"default-arg","locations":[{"start":{"line":64,"column":22},"end":{"line":64,"column":null}}],"line":64},"9":{"loc":{"start":{"line":65,"column":2},"end":{"line":65,"column":null}},"type":"default-arg","locations":[{"start":{"line":65,"column":17},"end":{"line":65,"column":null}}],"line":65},"10":{"loc":{"start":{"line":66,"column":2},"end":{"line":66,"column":null}},"type":"default-arg","locations":[{"start":{"line":66,"column":12},"end":{"line":66,"column":null}}],"line":66},"11":{"loc":{"start":{"line":67,"column":2},"end":{"line":67,"column":null}},"type":"default-arg","locations":[{"start":{"line":67,"column":12},"end":{"line":67,"column":null}}],"line":67},"12":{"loc":{"start":{"line":68,"column":2},"end":{"line":68,"column":null}},"type":"default-arg","locations":[{"start":{"line":68,"column":15},"end":{"line":68,"column":null}}],"line":68},"13":{"loc":{"start":{"line":69,"column":2},"end":{"line":69,"column":null}},"type":"default-arg","locations":[{"start":{"line":69,"column":13},"end":{"line":69,"column":null}}],"line":69},"14":{"loc":{"start":{"line":81,"column":42},"end":{"line":81,"column":114}},"type":"binary-expr","locations":[{"start":{"line":81,"column":42},"end":{"line":81,"column":82}},{"start":{"line":81,"column":82},"end":{"line":81,"column":104}},{"start":{"line":81,"column":104},"end":{"line":81,"column":114}}],"line":81},"15":{"loc":{"start":{"line":85,"column":42},"end":{"line":85,"column":109}},"type":"binary-expr","locations":[{"start":{"line":85,"column":42},"end":{"line":85,"column":77}},{"start":{"line":85,"column":77},"end":{"line":85,"column":99}},{"start":{"line":85,"column":99},"end":{"line":85,"column":109}}],"line":85},"16":{"loc":{"start":{"line":97,"column":8},"end":{"line":97,"column":null}},"type":"cond-expr","locations":[{"start":{"line":97,"column":21},"end":{"line":97,"column":74}},{"start":{"line":97,"column":74},"end":{"line":97,"column":null}}],"line":97},"17":{"loc":{"start":{"line":106,"column":105},"end":{"line":106,"column":137}},"type":"binary-expr","locations":[{"start":{"line":106,"column":105},"end":{"line":106,"column":127}},{"start":{"line":106,"column":127},"end":{"line":106,"column":137}}],"line":106},"18":{"loc":{"start":{"line":107,"column":15},"end":{"line":107,"column":null}},"type":"binary-expr","locations":[{"start":{"line":107,"column":15},"end":{"line":107,"column":37}},{"start":{"line":107,"column":37},"end":{"line":107,"column":null}}],"line":107},"19":{"loc":{"start":{"line":108,"column":4},"end":{"line":108,"column":null}},"type":"if","locations":[{"start":{"line":108,"column":4},"end":{"line":108,"column":null}},{"start":{},"end":{}}],"line":108},"20":{"loc":{"start":{"line":112,"column":6},"end":{"line":112,"column":null}},"type":"if","locations":[{"start":{"line":112,"column":6},"end":{"line":112,"column":null}},{"start":{},"end":{}}],"line":112},"21":{"loc":{"start":{"line":113,"column":21},"end":{"line":113,"column":null}},"type":"binary-expr","locations":[{"start":{"line":113,"column":21},"end":{"line":113,"column":37}},{"start":{"line":113,"column":37},"end":{"line":113,"column":null}}],"line":113},"22":{"loc":{"start":{"line":114,"column":19},"end":{"line":114,"column":42}},"type":"binary-expr","locations":[{"start":{"line":114,"column":19},"end":{"line":114,"column":31}},{"start":{"line":114,"column":31},"end":{"line":114,"column":42}}],"line":114},"23":{"loc":{"start":{"line":121,"column":7},"end":{"line":171,"column":null}},"type":"binary-expr","locations":[{"start":{"line":121,"column":7},"end":{"line":121,"column":null}},{"start":{"line":122,"column":8},"end":{"line":171,"column":null}}],"line":121},"24":{"loc":{"start":{"line":129,"column":117},"end":{"line":129,"column":162}},"type":"if","locations":[{"start":{"line":129,"column":117},"end":{"line":129,"column":162}},{"start":{},"end":{}}],"line":129},"25":{"loc":{"start":{"line":131,"column":17},"end":{"line":131,"column":null}},"type":"binary-expr","locations":[{"start":{"line":131,"column":17},"end":{"line":131,"column":45}},{"start":{"line":131,"column":45},"end":{"line":131,"column":null}}],"line":131},"26":{"loc":{"start":{"line":142,"column":92},"end":{"line":142,"column":125}},"type":"binary-expr","locations":[{"start":{"line":142,"column":92},"end":{"line":142,"column":114}},{"start":{"line":142,"column":114},"end":{"line":142,"column":125}}],"line":142},"27":{"loc":{"start":{"line":142,"column":165},"end":{"line":142,"column":244}},"type":"binary-expr","locations":[{"start":{"line":142,"column":165},"end":{"line":142,"column":188}},{"start":{"line":142,"column":188},"end":{"line":142,"column":244}}],"line":142},"28":{"loc":{"start":{"line":142,"column":188},"end":{"line":142,"column":244}},"type":"cond-expr","locations":[{"start":{"line":142,"column":224},"end":{"line":142,"column":240}},{"start":{"line":142,"column":240},"end":{"line":142,"column":244}}],"line":142},"29":{"loc":{"start":{"line":165,"column":27},"end":{"line":165,"column":53}},"type":"binary-expr","locations":[{"start":{"line":165,"column":27},"end":{"line":165,"column":45}},{"start":{"line":165,"column":45},"end":{"line":165,"column":53}}],"line":165},"30":{"loc":{"start":{"line":165,"column":93},"end":{"line":165,"column":170}},"type":"cond-expr","locations":[{"start":{"line":165,"column":115},"end":{"line":165,"column":120}},{"start":{"line":165,"column":120},"end":{"line":165,"column":170}}],"line":165},"31":{"loc":{"start":{"line":165,"column":143},"end":{"line":165,"column":168}},"type":"binary-expr","locations":[{"start":{"line":165,"column":143},"end":{"line":165,"column":163}},{"start":{"line":165,"column":163},"end":{"line":165,"column":168}}],"line":165},"32":{"loc":{"start":{"line":167,"column":134},"end":{"line":167,"column":167}},"type":"binary-expr","locations":[{"start":{"line":167,"column":134},"end":{"line":167,"column":156}},{"start":{"line":167,"column":156},"end":{"line":167,"column":167}}],"line":167},"33":{"loc":{"start":{"line":167,"column":207},"end":{"line":167,"column":286}},"type":"binary-expr","locations":[{"start":{"line":167,"column":207},"end":{"line":167,"column":230}},{"start":{"line":167,"column":230},"end":{"line":167,"column":286}}],"line":167},"34":{"loc":{"start":{"line":167,"column":230},"end":{"line":167,"column":286}},"type":"cond-expr","locations":[{"start":{"line":167,"column":266},"end":{"line":167,"column":282}},{"start":{"line":167,"column":282},"end":{"line":167,"column":286}}],"line":167},"35":{"loc":{"start":{"line":169,"column":13},"end":{"line":169,"column":null}},"type":"binary-expr","locations":[{"start":{"line":169,"column":13},"end":{"line":169,"column":27}},{"start":{"line":169,"column":27},"end":{"line":169,"column":null}}],"line":169},"36":{"loc":{"start":{"line":169,"column":239},"end":{"line":169,"column":271}},"type":"binary-expr","locations":[{"start":{"line":169,"column":239},"end":{"line":169,"column":259}},{"start":{"line":169,"column":259},"end":{"line":169,"column":271}}],"line":169},"37":{"loc":{"start":{"line":179,"column":122},"end":{"line":179,"column":537}},"type":"cond-expr","locations":[{"start":{"line":179,"column":145},"end":{"line":179,"column":152}},{"start":{"line":179,"column":152},"end":{"line":179,"column":537}}],"line":179},"38":{"loc":{"start":{"line":179,"column":398},"end":{"line":179,"column":527}},"type":"binary-expr","locations":[{"start":{"line":179,"column":398},"end":{"line":179,"column":429}},{"start":{"line":179,"column":429},"end":{"line":179,"column":527}}],"line":179},"39":{"loc":{"start":{"line":179,"column":468},"end":{"line":179,"column":521}},"type":"binary-expr","locations":[{"start":{"line":179,"column":468},"end":{"line":179,"column":509}},{"start":{"line":179,"column":509},"end":{"line":179,"column":521}}],"line":179},"40":{"loc":{"start":{"line":183,"column":13},"end":{"line":186,"column":null}},"type":"cond-expr","locations":[{"start":{"line":183,"column":23},"end":{"line":183,"column":166}},{"start":{"line":183,"column":166},"end":{"line":186,"column":null}}],"line":183},"41":{"loc":{"start":{"line":183,"column":166},"end":{"line":186,"column":null}},"type":"cond-expr","locations":[{"start":{"line":183,"column":200},"end":{"line":186,"column":30}},{"start":{"line":186,"column":30},"end":{"line":186,"column":null}}],"line":183},"42":{"loc":{"start":{"line":183,"column":318},"end":{"line":183,"column":348}},"type":"binary-expr","locations":[{"start":{"line":183,"column":318},"end":{"line":183,"column":332}},{"start":{"line":183,"column":332},"end":{"line":183,"column":348}}],"line":183},"43":{"loc":{"start":{"line":188,"column":11},"end":{"line":188,"column":null}},"type":"binary-expr","locations":[{"start":{"line":188,"column":11},"end":{"line":188,"column":24}},{"start":{"line":188,"column":24},"end":{"line":188,"column":null}}],"line":188},"44":{"loc":{"start":{"line":188,"column":214},"end":{"line":188,"column":308}},"type":"cond-expr","locations":[{"start":{"line":188,"column":237},"end":{"line":188,"column":244}},{"start":{"line":188,"column":237},"end":{"line":188,"column":308}}],"line":188},"45":{"loc":{"start":{"line":191,"column":7},"end":{"line":191,"column":null}},"type":"binary-expr","locations":[{"start":{"line":191,"column":7},"end":{"line":191,"column":21}},{"start":{"line":191,"column":21},"end":{"line":191,"column":49}},{"start":{"line":191,"column":49},"end":{"line":191,"column":null}}],"line":191}},"s":{"0":1,"1":0,"2":0,"3":0,"4":0,"5":0,"6":0,"7":0,"8":0,"9":0,"10":0,"11":0,"12":0,"13":0,"14":0,"15":0,"16":34,"17":34,"18":34,"19":34,"20":34,"21":24,"22":204,"23":34,"24":24,"25":204,"26":34,"27":24,"28":204,"29":34,"30":34,"31":0,"32":0,"33":0,"34":0,"35":0,"36":0,"37":0,"38":34,"39":0,"40":0,"41":0,"42":0,"43":0,"44":0,"45":34,"46":34,"47":289,"48":34,"49":0,"50":0,"51":0,"52":0,"53":0,"54":0,"55":0,"56":0,"57":0,"58":0,"59":0,"60":0,"61":0,"62":0,"63":0,"64":0,"65":0,"66":0,"67":0,"68":34,"69":289,"70":289,"71":21,"72":4,"73":170,"74":170,"75":0,"76":0,"77":0,"78":0},"f":{"0":0,"1":34,"2":24,"3":204,"4":24,"5":204,"6":24,"7":204,"8":0,"9":0,"10":0,"11":0,"12":0,"13":0,"14":0,"15":34,"16":289,"17":0,"18":0,"19":0,"20":0,"21":0,"22":0,"23":0,"24":0,"25":0,"26":0,"27":0,"28":0,"29":0,"30":0,"31":0,"32":34,"33":289,"34":21,"35":4,"36":170,"37":0,"38":0,"39":0,"40":0},"b":{"0":[0,0],"1":[0,0],"2":[0,0],"3":[0,0],"4":[0,0],"5":[0,0],"6":[0,0],"7":[0,0],"8":[34],"9":[34],"10":[34],"11":[34],"12":[34],"13":[34],"14":[204,156,48],"15":[204,156,48],"16":[0,34],"17":[0,0],"18":[0,0],"19":[0,0],"20":[0,0],"21":[0,0],"22":[0,0],"23":[34,0],"24":[0,0],"25":[0,0],"26":[0,0],"27":[0,0],"28":[0,0],"29":[0,0],"30":[0,0],"31":[0,0],"32":[0,0],"33":[0,0],"34":[0,0],"35":[0,0],"36":[0,0],"37":[0,289],"38":[289,0],"39":[0,0],"40":[0,34],"41":[19,15],"42":[21,0],"43":[34,0],"44":[0,0],"45":[34,0,0]},"meta":{"lastBranch":46,"lastFunction":41,"lastStatement":79,"seen":{"s:48:20:59:Infinity":0,"f:48:20:48:21":0,"s:49:14:49:Infinity":1,"s:50:17:50:Infinity":2,"b:50:24:50:31:50:31:50:33":0,"s:51:30:51:Infinity":3,"b:51:59:51:101:51:101:51:Infinity":1,"s:52:19:52:Infinity":4,"b:52:26:52:43:52:43:52:45":2,"b:53:2:53:Infinity:undefined:undefined:undefined:undefined":3,"s:53:2:53:Infinity":5,"s:53:17:53:Infinity":6,"b:54:2:54:Infinity:undefined:undefined:undefined:undefined":4,"s:54:2:54:Infinity":7,"s:54:36:54:Infinity":8,"b:55:2:55:Infinity:undefined:undefined:undefined:undefined":5,"s:55:2:55:Infinity":9,"s:55:40:55:Infinity":10,"b:56:2:56:Infinity:undefined:undefined:undefined:undefined":6,"s:56:2:56:Infinity":11,"s:56:41:56:Infinity":12,"b:57:2:57:Infinity:undefined:undefined:undefined:undefined":7,"s:57:2:57:Infinity":13,"s:57:38:57:Infinity":14,"s:58:2:58:Infinity":15,"f:61:16:61:51":1,"b:64:22:64:Infinity":8,"b:65:17:65:Infinity":9,"b:66:12:66:Infinity":10,"b:67:12:67:Infinity":11,"b:68:15:68:Infinity":12,"b:69:13:69:Infinity":13,"s:75:32:75:Infinity":16,"s:76:44:76:Infinity":17,"s:77:42:77:Infinity":18,"s:78:38:78:Infinity":19,"s:80:28:83:Infinity":20,"f:81:4:81:10":2,"s:81:10:81:Infinity":21,"f:81:25:81:26":3,"s:81:42:81:114":22,"b:81:42:81:82:81:82:81:104:81:104:81:114":14,"s:84:26:87:Infinity":23,"f:85:4:85:10":4,"s:85:10:85:Infinity":24,"f:85:25:85:26":5,"s:85:42:85:109":25,"b:85:42:85:77:85:77:85:99:85:99:85:109":15,"s:88:28:88:Infinity":26,"f:88:42:88:48":6,"s:88:48:88:113":27,"f:88:60:88:61":7,"s:88:73:88:110":28,"s:90:8:103:Infinity":29,"b:97:21:97:74:97:74:97:Infinity":16,"s:105:20:109:Infinity":30,"f:105:20:105:26":8,"s:106:18:106:Infinity":31,"f:106:41:106:42":9,"s:106:58:106:138":32,"f:106:78:106:79":10,"s:106:90:106:137":33,"b:106:105:106:127:106:127:106:137":17,"s:107:15:107:Infinity":34,"b:107:15:107:37:107:37:107:Infinity":18,"b:108:4:108:Infinity:undefined:undefined:undefined:undefined":19,"s:108:4:108:Infinity":35,"s:108:12:108:Infinity":36,"f:108:29:108:30":11,"s:108:42:108:106":37,"s:110:23:116:Infinity":38,"f:110:23:110:24":12,"s:111:4:115:Infinity":39,"f:111:21:111:22":13,"s:111:34:115:6":40,"f:111:46:111:47":14,"b:112:6:112:Infinity:undefined:undefined:undefined:undefined":20,"s:112:6:112:Infinity":41,"s:112:33:112:Infinity":42,"s:113:21:113:Infinity":43,"b:113:21:113:37:113:37:113:Infinity":21,"s:114:6:114:Infinity":44,"b:114:19:114:31:114:31:114:42":22,"s:117:20:117:Infinity":45,"f:117:49:117:50":15,"s:117:60:117:131":46,"f:117:79:117:80":16,"s:117:91:117:130":47,"s:119:2:192:Infinity":48,"b:121:7:121:Infinity:122:8:171:Infinity":23,"f:125:76:125:77":17,"s:125:87:125:124":49,"f:129:109:129:115":18,"b:129:117:129:162:undefined:undefined:undefined:undefined":24,"s:129:117:129:162":50,"s:129:149:129:162":51,"b:131:17:131:45:131:45:131:Infinity":25,"f:136:35:136:36":19,"s:137:32:137:Infinity":52,"s:138:18:150:Infinity":53,"f:140:63:140:64":20,"s:140:77:140:Infinity":54,"f:142:62:142:63":21,"s:142:92:142:125":55,"b:142:92:142:114:142:114:142:125":26,"s:142:125:142:259":56,"b:142:165:142:188:142:188:142:244":27,"b:142:224:142:240:142:240:142:244":28,"f:144:68:144:69":22,"s:144:82:144:Infinity":57,"f:148:85:148:86":23,"s:148:96:148:148":58,"f:149:112:149:118":24,"s:149:118:149:204":59,"f:149:135:149:136":25,"s:149:148:149:201":60,"f:149:163:149:164":26,"s:149:181:149:200":61,"f:156:55:156:61":27,"s:156:61:156:83":62,"f:157:92:157:98":28,"s:157:98:157:120":63,"b:165:27:165:45:165:45:165:53":29,"f:165:68:165:69":29,"s:165:82:165:Infinity":64,"b:165:115:165:120:165:120:165:170":30,"b:165:143:165:163:165:163:165:168":31,"f:167:104:167:105":30,"s:167:134:167:167":65,"b:167:134:167:156:167:156:167:167":32,"s:167:167:167:301":66,"b:167:207:167:230:167:230:167:286":33,"b:167:266:167:282:167:282:167:286":34,"b:169:13:169:27:169:27:169:Infinity":35,"f:169:128:169:134":31,"s:169:134:169:191":67,"b:169:239:169:259:169:259:169:271":36,"f:177:41:177:42":32,"s:177:58:180:26":68,"f:177:127:177:128":33,"s:178:27:178:Infinity":69,"s:179:14:179:Infinity":70,"b:179:145:179:152:179:152:179:537":37,"b:179:398:179:429:179:429:179:527":38,"b:179:468:179:509:179:509:179:521":39,"b:183:23:183:166:183:166:186:Infinity":40,"b:183:200:186:30:186:30:186:Infinity":41,"f:183:229:183:230":34,"s:183:238:186:26":71,"f:183:270:183:276":35,"s:183:276:183:304":72,"b:183:318:183:332:183:332:183:348":42,"f:183:378:183:379":36,"s:184:27:184:Infinity":73,"s:185:14:185:Infinity":74,"b:188:11:188:24:188:24:188:Infinity":43,"f:188:66:188:67":37,"s:188:83:188:333":75,"f:188:152:188:153":38,"s:188:164:188:320":76,"b:188:237:188:244:188:237:188:308":44,"b:191:7:191:21:191:21:191:49:191:49:191:Infinity":45,"f:191:268:191:274":39,"s:191:274:191:296":77,"f:191:478:191:484":40,"s:191:484:191:502":78}}}
,"/Users/rabihutomo/code/erp.codeverta.com/apps/admin/src/components/ui/erp-select.tsx": {"path":"/Users/rabihutomo/code/erp.codeverta.com/apps/admin/src/components/ui/erp-select.tsx","statementMap":{"0":{"start":{"line":11,"column":20},"end":{"line":11,"column":null}},"1":{"start":{"line":36,"column":18},"end":{"line":36,"column":null}},"2":{"start":{"line":36,"column":38},"end":{"line":36,"column":62}},"3":{"start":{"line":37,"column":19},"end":{"line":37,"column":null}},"4":{"start":{"line":38,"column":24},"end":{"line":38,"column":null}},"5":{"start":{"line":39,"column":25},"end":{"line":39,"column":null}},"6":{"start":{"line":39,"column":50},"end":{"line":39,"column":83}},"7":{"start":{"line":40,"column":24},"end":{"line":40,"column":null}},"8":{"start":{"line":42,"column":2},"end":{"line":61,"column":null}},"9":{"start":{"line":47,"column":27},"end":{"line":47,"column":null}},"10":{"start":{"line":48,"column":8},"end":{"line":48,"column":null}},"11":{"start":{"line":56,"column":10},"end":{"line":58,"column":null}},"12":{"start":{"line":66,"column":2},"end":{"line":66,"column":null}},"13":{"start":{"line":70,"column":31},"end":{"line":70,"column":null}},"14":{"start":{"line":71,"column":2},"end":{"line":85,"column":null}},"15":{"start":{"line":72,"column":4},"end":{"line":72,"column":null}},"16":{"start":{"line":72,"column":60},"end":{"line":72,"column":null}},"17":{"start":{"line":73,"column":4},"end":{"line":76,"column":null}},"18":{"start":{"line":74,"column":6},"end":{"line":74,"column":null}},"19":{"start":{"line":75,"column":6},"end":{"line":75,"column":null}},"20":{"start":{"line":77,"column":18},"end":{"line":77,"column":null}},"21":{"start":{"line":78,"column":22},"end":{"line":78,"column":null}},"22":{"start":{"line":79,"column":4},"end":{"line":84,"column":null}},"23":{"start":{"line":86,"column":2},"end":{"line":86,"column":null}},"24":{"start":{"line":90,"column":2},"end":{"line":93,"column":null}},"25":{"start":{"line":91,"column":21},"end":{"line":91,"column":97}},"26":{"start":{"line":97,"column":2},"end":{"line":97,"column":null}},"27":{"start":{"line":101,"column":2},"end":{"line":101,"column":null}}},"fnMap":{"0":{"name":"ERPSelect","decl":{"start":{"line":35,"column":9},"end":{"line":35,"column":19}},"loc":{"start":{"line":35,"column":124},"end":{"line":63,"column":null}},"line":35},"1":{"name":"(anonymous_1)","decl":{"start":{"line":36,"column":32},"end":{"line":36,"column":38}},"loc":{"start":{"line":36,"column":38},"end":{"line":36,"column":62}},"line":36},"2":{"name":"(anonymous_2)","decl":{"start":{"line":39,"column":38},"end":{"line":39,"column":39}},"loc":{"start":{"line":39,"column":50},"end":{"line":39,"column":83}},"line":39},"3":{"name":"(anonymous_3)","decl":{"start":{"line":46,"column":21},"end":{"line":46,"column":22}},"loc":{"start":{"line":46,"column":31},"end":{"line":49,"column":null}},"line":46},"4":{"name":"(anonymous_4)","decl":{"start":{"line":55,"column":21},"end":{"line":55,"column":22}},"loc":{"start":{"line":56,"column":10},"end":{"line":58,"column":null}},"line":56},"5":{"name":"ERPSelectOption","decl":{"start":{"line":65,"column":9},"end":{"line":65,"column":25}},"loc":{"start":{"line":65,"column":55},"end":{"line":67,"column":null}},"line":65},"6":{"name":"parseOptions","decl":{"start":{"line":69,"column":9},"end":{"line":69,"column":22}},"loc":{"start":{"line":69,"column":65},"end":{"line":87,"column":null}},"line":69},"7":{"name":"(anonymous_7)","decl":{"start":{"line":71,"column":35},"end":{"line":71,"column":36}},"loc":{"start":{"line":71,"column":46},"end":{"line":85,"column":3}},"line":71},"8":{"name":"childrenToText","decl":{"start":{"line":89,"column":9},"end":{"line":89,"column":24}},"loc":{"start":{"line":89,"column":59},"end":{"line":94,"column":null}},"line":89},"9":{"name":"(anonymous_9)","decl":{"start":{"line":91,"column":9},"end":{"line":91,"column":10}},"loc":{"start":{"line":91,"column":21},"end":{"line":91,"column":97}},"line":91},"10":{"name":"toRadixValue","decl":{"start":{"line":96,"column":9},"end":{"line":96,"column":22}},"loc":{"start":{"line":96,"column":37},"end":{"line":98,"column":null}},"line":96},"11":{"name":"fromRadixValue","decl":{"start":{"line":100,"column":9},"end":{"line":100,"column":24}},"loc":{"start":{"line":100,"column":39},"end":{"line":102,"column":null}},"line":100}},"branchMap":{"0":{"loc":{"start":{"line":37,"column":19},"end":{"line":37,"column":null}},"type":"binary-expr","locations":[{"start":{"line":37,"column":19},"end":{"line":37,"column":28}},{"start":{"line":37,"column":28},"end":{"line":37,"column":44}},{"start":{"line":37,"column":44},"end":{"line":37,"column":null}}],"line":37},"1":{"loc":{"start":{"line":40,"column":24},"end":{"line":40,"column":null}},"type":"cond-expr","locations":[{"start":{"line":40,"column":38},"end":{"line":40,"column":60}},{"start":{"line":40,"column":60},"end":{"line":40,"column":null}}],"line":40},"2":{"loc":{"start":{"line":72,"column":4},"end":{"line":72,"column":null}},"type":"if","locations":[{"start":{"line":72,"column":4},"end":{"line":72,"column":null}},{"start":{},"end":{}}],"line":72},"3":{"loc":{"start":{"line":73,"column":4},"end":{"line":76,"column":null}},"type":"if","locations":[{"start":{"line":73,"column":4},"end":{"line":76,"column":null}},{"start":{},"end":{}}],"line":73},"4":{"loc":{"start":{"line":80,"column":11},"end":{"line":80,"column":null}},"type":"binary-expr","locations":[{"start":{"line":80,"column":11},"end":{"line":80,"column":24}},{"start":{"line":80,"column":24},"end":{"line":80,"column":null}}],"line":80},"5":{"loc":{"start":{"line":81,"column":20},"end":{"line":81,"column":50}},"type":"binary-expr","locations":[{"start":{"line":81,"column":20},"end":{"line":81,"column":41}},{"start":{"line":81,"column":41},"end":{"line":81,"column":50}}],"line":81},"6":{"loc":{"start":{"line":91,"column":21},"end":{"line":91,"column":97}},"type":"cond-expr","locations":[{"start":{"line":91,"column":78},"end":{"line":91,"column":94}},{"start":{"line":91,"column":94},"end":{"line":91,"column":97}}],"line":91},"7":{"loc":{"start":{"line":91,"column":21},"end":{"line":91,"column":78}},"type":"binary-expr","locations":[{"start":{"line":91,"column":21},"end":{"line":91,"column":50}},{"start":{"line":91,"column":50},"end":{"line":91,"column":78}}],"line":91},"8":{"loc":{"start":{"line":97,"column":9},"end":{"line":97,"column":null}},"type":"cond-expr","locations":[{"start":{"line":97,"column":24},"end":{"line":97,"column":38}},{"start":{"line":97,"column":38},"end":{"line":97,"column":null}}],"line":97},"9":{"loc":{"start":{"line":101,"column":9},"end":{"line":101,"column":null}},"type":"cond-expr","locations":[{"start":{"line":101,"column":33},"end":{"line":101,"column":38}},{"start":{"line":101,"column":38},"end":{"line":101,"column":null}}],"line":101}},"s":{"0":1,"1":16,"2":16,"3":16,"4":16,"5":16,"6":18,"7":16,"8":16,"9":0,"10":0,"11":34,"12":0,"13":16,"14":16,"15":34,"16":0,"17":34,"18":0,"19":0,"20":34,"21":34,"22":34,"23":16,"24":34,"25":34,"26":50,"27":0},"f":{"0":16,"1":16,"2":18,"3":0,"4":34,"5":0,"6":16,"7":34,"8":34,"9":34,"10":50,"11":0},"b":{"0":[16,0,0],"1":[0,16],"2":[0,34],"3":[0,34],"4":[34,34],"5":[34,0],"6":[34,0],"7":[34,0],"8":[0,50],"9":[0,0]},"meta":{"lastBranch":10,"lastFunction":12,"lastStatement":28,"seen":{"s:11:20:11:Infinity":0,"f:35:9:35:19":0,"s:36:18:36:Infinity":1,"f:36:32:36:38":1,"s:36:38:36:62":2,"s:37:19:37:Infinity":3,"b:37:19:37:28:37:28:37:44:37:44:37:Infinity":0,"s:38:24:38:Infinity":4,"s:39:25:39:Infinity":5,"f:39:38:39:39":2,"s:39:50:39:83":6,"s:40:24:40:Infinity":7,"b:40:38:40:60:40:60:40:Infinity":1,"s:42:2:61:Infinity":8,"f:46:21:46:22":3,"s:47:27:47:Infinity":9,"s:48:8:48:Infinity":10,"f:55:21:55:22":4,"s:56:10:58:Infinity":11,"f:65:9:65:25":5,"s:66:2:66:Infinity":12,"f:69:9:69:22":6,"s:70:31:70:Infinity":13,"s:71:2:85:Infinity":14,"f:71:35:71:36":7,"b:72:4:72:Infinity:undefined:undefined:undefined:undefined":2,"s:72:4:72:Infinity":15,"s:72:60:72:Infinity":16,"b:73:4:76:Infinity:undefined:undefined:undefined:undefined":3,"s:73:4:76:Infinity":17,"s:74:6:74:Infinity":18,"s:75:6:75:Infinity":19,"s:77:18:77:Infinity":20,"s:78:22:78:Infinity":21,"s:79:4:84:Infinity":22,"b:80:11:80:24:80:24:80:Infinity":4,"b:81:20:81:41:81:41:81:50":5,"s:86:2:86:Infinity":23,"f:89:9:89:24":8,"s:90:2:93:Infinity":24,"f:91:9:91:10":9,"s:91:21:91:97":25,"b:91:78:91:94:91:94:91:97":6,"b:91:21:91:50:91:50:91:78":7,"f:96:9:96:22":10,"s:97:2:97:Infinity":26,"b:97:24:97:38:97:38:97:Infinity":8,"f:100:9:100:24":11,"s:101:2:101:Infinity":27,"b:101:33:101:38:101:38:101:Infinity":9}}}
,"/Users/rabihutomo/code/erp.codeverta.com/apps/admin/src/components/ui/input.tsx": {"path":"/Users/rabihutomo/code/erp.codeverta.com/apps/admin/src/components/ui/input.tsx","statementMap":{"0":{"start":{"line":6,"column":2},"end":{"line":17,"column":null}}},"fnMap":{"0":{"name":"Input","decl":{"start":{"line":5,"column":9},"end":{"line":5,"column":15}},"loc":{"start":{"line":5,"column":77},"end":{"line":19,"column":null}},"line":5}},"branchMap":{},"s":{"0":152},"f":{"0":152},"b":{},"meta":{"lastBranch":0,"lastFunction":1,"lastStatement":1,"seen":{"f:5:9:5:15":0,"s:6:2:17:Infinity":0}}}
,"/Users/rabihutomo/code/erp.codeverta.com/apps/admin/src/components/ui/label.tsx": {"path":"/Users/rabihutomo/code/erp.codeverta.com/apps/admin/src/components/ui/label.tsx","statementMap":{"0":{"start":{"line":10,"column":2},"end":{"line":18,"column":null}}},"fnMap":{"0":{"name":"Label","decl":{"start":{"line":6,"column":9},"end":{"line":6,"column":15}},"loc":{"start":{"line":9,"column":53},"end":{"line":20,"column":null}},"line":9}},"branchMap":{},"s":{"0":348},"f":{"0":348},"b":{},"meta":{"lastBranch":0,"lastFunction":1,"lastStatement":1,"seen":{"f:6:9:6:15":0,"s:10:2:18:Infinity":0}}}
,"/Users/rabihutomo/code/erp.codeverta.com/apps/admin/src/components/ui/popover.tsx": {"path":"/Users/rabihutomo/code/erp.codeverta.com/apps/admin/src/components/ui/popover.tsx","statementMap":{"0":{"start":{"line":9,"column":2},"end":{"line":9,"column":null}},"1":{"start":{"line":15,"column":2},"end":{"line":15,"column":null}},"2":{"start":{"line":24,"column":2},"end":{"line":36,"column":null}},"3":{"start":{"line":43,"column":2},"end":{"line":43,"column":null}}},"fnMap":{"0":{"name":"Popover","decl":{"start":{"line":6,"column":9},"end":{"line":6,"column":17}},"loc":{"start":{"line":8,"column":55},"end":{"line":10,"column":null}},"line":8},"1":{"name":"PopoverTrigger","decl":{"start":{"line":12,"column":9},"end":{"line":12,"column":24}},"loc":{"start":{"line":14,"column":58},"end":{"line":16,"column":null}},"line":14},"2":{"name":"PopoverContent","decl":{"start":{"line":18,"column":9},"end":{"line":18,"column":24}},"loc":{"start":{"line":23,"column":58},"end":{"line":38,"column":null}},"line":23},"3":{"name":"PopoverAnchor","decl":{"start":{"line":40,"column":9},"end":{"line":40,"column":23}},"loc":{"start":{"line":42,"column":57},"end":{"line":44,"column":null}},"line":42}},"branchMap":{"0":{"loc":{"start":{"line":20,"column":2},"end":{"line":20,"column":null}},"type":"default-arg","locations":[{"start":{"line":20,"column":10},"end":{"line":20,"column":null}}],"line":20},"1":{"loc":{"start":{"line":21,"column":2},"end":{"line":21,"column":null}},"type":"default-arg","locations":[{"start":{"line":21,"column":15},"end":{"line":21,"column":null}}],"line":21}},"s":{"0":214,"1":214,"2":214,"3":0},"f":{"0":214,"1":214,"2":214,"3":0},"b":{"0":[214],"1":[214]},"meta":{"lastBranch":2,"lastFunction":4,"lastStatement":4,"seen":{"f:6:9:6:17":0,"s:9:2:9:Infinity":0,"f:12:9:12:24":1,"s:15:2:15:Infinity":1,"f:18:9:18:24":2,"b:20:10:20:Infinity":0,"b:21:15:21:Infinity":1,"s:24:2:36:Infinity":2,"f:40:9:40:23":3,"s:43:2:43:Infinity":3}}}
,"/Users/rabihutomo/code/erp.codeverta.com/apps/admin/src/components/ui/searchable-select.tsx": {"path":"/Users/rabihutomo/code/erp.codeverta.com/apps/admin/src/components/ui/searchable-select.tsx","statementMap":{"0":{"start":{"line":47,"column":22},"end":{"line":47,"column":null}},"1":{"start":{"line":48,"column":26},"end":{"line":48,"column":null}},"2":{"start":{"line":49,"column":38},"end":{"line":49,"column":null}},"3":{"start":{"line":50,"column":28},"end":{"line":50,"column":null}},"4":{"start":{"line":51,"column":8},"end":{"line":51,"column":null}},"5":{"start":{"line":54,"column":2},"end":{"line":58,"column":null}},"6":{"start":{"line":55,"column":4},"end":{"line":57,"column":null}},"7":{"start":{"line":56,"column":6},"end":{"line":56,"column":null}},"8":{"start":{"line":60,"column":2},"end":{"line":64,"column":null}},"9":{"start":{"line":61,"column":4},"end":{"line":63,"column":null}},"10":{"start":{"line":62,"column":6},"end":{"line":62,"column":null}},"11":{"start":{"line":62,"column":31},"end":{"line":62,"column":null}},"12":{"start":{"line":67,"column":28},"end":{"line":86,"column":null}},"13":{"start":{"line":68,"column":4},"end":{"line":68,"column":null}},"14":{"start":{"line":69,"column":4},"end":{"line":69,"column":null}},"15":{"start":{"line":69,"column":19},"end":{"line":69,"column":null}},"16":{"start":{"line":71,"column":4},"end":{"line":73,"column":null}},"17":{"start":{"line":72,"column":6},"end":{"line":72,"column":null}},"18":{"start":{"line":75,"column":4},"end":{"line":85,"column":null}},"19":{"start":{"line":76,"column":6},"end":{"line":76,"column":null}},"20":{"start":{"line":77,"column":6},"end":{"line":84,"column":null}},"21":{"start":{"line":78,"column":24},"end":{"line":78,"column":null}},"22":{"start":{"line":79,"column":8},"end":{"line":79,"column":null}},"23":{"start":{"line":81,"column":8},"end":{"line":81,"column":null}},"24":{"start":{"line":83,"column":8},"end":{"line":83,"column":null}},"25":{"start":{"line":89,"column":27},"end":{"line":104,"column":null}},"26":{"start":{"line":90,"column":4},"end":{"line":90,"column":null}},"27":{"start":{"line":90,"column":18},"end":{"line":90,"column":null}},"28":{"start":{"line":91,"column":4},"end":{"line":91,"column":null}},"29":{"start":{"line":92,"column":4},"end":{"line":103,"column":null}},"30":{"start":{"line":93,"column":6},"end":{"line":93,"column":null}},"31":{"start":{"line":94,"column":6},"end":{"line":102,"column":null}},"32":{"start":{"line":95,"column":8},"end":{"line":95,"column":null}},"33":{"start":{"line":96,"column":8},"end":{"line":99,"column":null}},"34":{"start":{"line":97,"column":25},"end":{"line":97,"column":51}},"35":{"start":{"line":99,"column":25},"end":{"line":99,"column":42}},"36":{"start":{"line":101,"column":8},"end":{"line":101,"column":null}},"37":{"start":{"line":106,"column":54},"end":{"line":116,"column":null}},"38":{"start":{"line":107,"column":4},"end":{"line":109,"column":null}},"39":{"start":{"line":108,"column":6},"end":{"line":108,"column":null}},"40":{"start":{"line":110,"column":4},"end":{"line":115,"column":null}},"41":{"start":{"line":119,"column":25},"end":{"line":128,"column":null}},"42":{"start":{"line":122,"column":18},"end":{"line":122,"column":null}},"43":{"start":{"line":123,"column":8},"end":{"line":126,"column":null}},"44":{"start":{"line":130,"column":25},"end":{"line":130,"column":null}},"45":{"start":{"line":130,"column":57},"end":{"line":130,"column":76}},"46":{"start":{"line":132,"column":2},"end":{"line":264,"column":null}},"47":{"start":{"line":186,"column":31},"end":{"line":186,"column":null}},"48":{"start":{"line":202,"column":16},"end":{"line":229,"column":null}},"49":{"start":{"line":206,"column":20},"end":{"line":206,"column":null}},"50":{"start":{"line":207,"column":20},"end":{"line":207,"column":null}},"51":{"start":{"line":251,"column":20},"end":{"line":251,"column":null}},"52":{"start":{"line":252,"column":20},"end":{"line":252,"column":null}},"53":{"start":{"line":286,"column":2},"end":{"line":297,"column":null}}},"fnMap":{"0":{"name":"SearchableSelect","decl":{"start":{"line":31,"column":16},"end":{"line":31,"column":33}},"loc":{"start":{"line":46,"column":26},"end":{"line":266,"column":null}},"line":46},"1":{"name":"(anonymous_1)","decl":{"start":{"line":54,"column":12},"end":{"line":54,"column":18}},"loc":{"start":{"line":54,"column":18},"end":{"line":58,"column":5}},"line":54},"2":{"name":"(anonymous_2)","decl":{"start":{"line":60,"column":12},"end":{"line":60,"column":18}},"loc":{"start":{"line":60,"column":18},"end":{"line":64,"column":5}},"line":60},"3":{"name":"(anonymous_3)","decl":{"start":{"line":61,"column":11},"end":{"line":61,"column":17}},"loc":{"start":{"line":61,"column":17},"end":{"line":63,"column":null}},"line":61},"4":{"name":"(anonymous_4)","decl":{"start":{"line":67,"column":28},"end":{"line":67,"column":29}},"loc":{"start":{"line":67,"column":43},"end":{"line":86,"column":null}},"line":67},"5":{"name":"(anonymous_5)","decl":{"start":{"line":75,"column":37},"end":{"line":75,"column":49}},"loc":{"start":{"line":75,"column":49},"end":{"line":85,"column":7}},"line":75},"6":{"name":"(anonymous_6)","decl":{"start":{"line":89,"column":27},"end":{"line":89,"column":28}},"loc":{"start":{"line":89,"column":50},"end":{"line":104,"column":null}},"line":89},"7":{"name":"(anonymous_7)","decl":{"start":{"line":97,"column":16},"end":{"line":97,"column":17}},"loc":{"start":{"line":97,"column":25},"end":{"line":97,"column":51}},"line":97},"8":{"name":"(anonymous_8)","decl":{"start":{"line":98,"column":17},"end":{"line":98,"column":23}},"loc":{"start":{"line":98,"column":23},"end":{"line":98,"column":25}},"line":98},"9":{"name":"(anonymous_9)","decl":{"start":{"line":99,"column":19},"end":{"line":99,"column":25}},"loc":{"start":{"line":99,"column":25},"end":{"line":99,"column":42}},"line":99},"10":{"name":"(anonymous_10)","decl":{"start":{"line":106,"column":71},"end":{"line":106,"column":72}},"loc":{"start":{"line":106,"column":80},"end":{"line":116,"column":3}},"line":106},"11":{"name":"(anonymous_11)","decl":{"start":{"line":121,"column":31},"end":{"line":121,"column":32}},"loc":{"start":{"line":121,"column":40},"end":{"line":128,"column":7}},"line":121},"12":{"name":"(anonymous_12)","decl":{"start":{"line":130,"column":48},"end":{"line":130,"column":49}},"loc":{"start":{"line":130,"column":57},"end":{"line":130,"column":76}},"line":130},"13":{"name":"(anonymous_13)","decl":{"start":{"line":186,"column":24},"end":{"line":186,"column":25}},"loc":{"start":{"line":186,"column":31},"end":{"line":186,"column":null}},"line":186},"14":{"name":"(anonymous_14)","decl":{"start":{"line":201,"column":33},"end":{"line":201,"column":34}},"loc":{"start":{"line":202,"column":16},"end":{"line":229,"column":null}},"line":202},"15":{"name":"(anonymous_15)","decl":{"start":{"line":205,"column":27},"end":{"line":205,"column":33}},"loc":{"start":{"line":205,"column":33},"end":{"line":208,"column":null}},"line":205},"16":{"name":"(anonymous_16)","decl":{"start":{"line":250,"column":27},"end":{"line":250,"column":33}},"loc":{"start":{"line":250,"column":33},"end":{"line":253,"column":null}},"line":250},"17":{"name":"SearchableWarehouseSelect","decl":{"start":{"line":271,"column":16},"end":{"line":271,"column":42}},"loc":{"start":{"line":285,"column":3},"end":{"line":299,"column":null}},"line":285}},"branchMap":{"0":{"loc":{"start":{"line":33,"column":11},"end":{"line":33,"column":null}},"type":"default-arg","locations":[{"start":{"line":33,"column":28},"end":{"line":33,"column":null}}],"line":33},"1":{"loc":{"start":{"line":36,"column":2},"end":{"line":36,"column":null}},"type":"default-arg","locations":[{"start":{"line":36,"column":13},"end":{"line":36,"column":null}}],"line":36},"2":{"loc":{"start":{"line":37,"column":2},"end":{"line":37,"column":null}},"type":"default-arg","locations":[{"start":{"line":37,"column":16},"end":{"line":37,"column":null}}],"line":37},"3":{"loc":{"start":{"line":38,"column":2},"end":{"line":38,"column":null}},"type":"default-arg","locations":[{"start":{"line":38,"column":22},"end":{"line":38,"column":null}}],"line":38},"4":{"loc":{"start":{"line":39,"column":2},"end":{"line":39,"column":null}},"type":"default-arg","locations":[{"start":{"line":39,"column":14},"end":{"line":39,"column":null}}],"line":39},"5":{"loc":{"start":{"line":40,"column":2},"end":{"line":40,"column":null}},"type":"default-arg","locations":[{"start":{"line":40,"column":20},"end":{"line":40,"column":null}}],"line":40},"6":{"loc":{"start":{"line":44,"column":2},"end":{"line":44,"column":null}},"type":"default-arg","locations":[{"start":{"line":44,"column":14},"end":{"line":44,"column":null}}],"line":44},"7":{"loc":{"start":{"line":55,"column":4},"end":{"line":57,"column":null}},"type":"if","locations":[{"start":{"line":55,"column":4},"end":{"line":57,"column":null}},{"start":{},"end":{}}],"line":55},"8":{"loc":{"start":{"line":62,"column":6},"end":{"line":62,"column":null}},"type":"if","locations":[{"start":{"line":62,"column":6},"end":{"line":62,"column":null}},{"start":{},"end":{}}],"line":62},"9":{"loc":{"start":{"line":69,"column":4},"end":{"line":69,"column":null}},"type":"if","locations":[{"start":{"line":69,"column":4},"end":{"line":69,"column":null}},{"start":{},"end":{}}],"line":69},"10":{"loc":{"start":{"line":71,"column":4},"end":{"line":73,"column":null}},"type":"if","locations":[{"start":{"line":71,"column":4},"end":{"line":73,"column":null}},{"start":{},"end":{}}],"line":71},"11":{"loc":{"start":{"line":79,"column":24},"end":{"line":79,"column":37}},"type":"binary-expr","locations":[{"start":{"line":79,"column":24},"end":{"line":79,"column":35}},{"start":{"line":79,"column":35},"end":{"line":79,"column":37}}],"line":79},"12":{"loc":{"start":{"line":90,"column":4},"end":{"line":90,"column":null}},"type":"if","locations":[{"start":{"line":90,"column":4},"end":{"line":90,"column":null}},{"start":{},"end":{}}],"line":90},"13":{"loc":{"start":{"line":92,"column":4},"end":{"line":103,"column":null}},"type":"if","locations":[{"start":{"line":92,"column":4},"end":{"line":103,"column":null}},{"start":{},"end":{}}],"line":92},"14":{"loc":{"start":{"line":94,"column":6},"end":{"line":102,"column":null}},"type":"if","locations":[{"start":{"line":94,"column":6},"end":{"line":102,"column":null}},{"start":{"line":100,"column":13},"end":{"line":102,"column":null}}],"line":94},"15":{"loc":{"start":{"line":97,"column":41},"end":{"line":97,"column":50}},"type":"binary-expr","locations":[{"start":{"line":97,"column":41},"end":{"line":97,"column":48}},{"start":{"line":97,"column":48},"end":{"line":97,"column":50}}],"line":97},"16":{"loc":{"start":{"line":107,"column":4},"end":{"line":109,"column":null}},"type":"if","locations":[{"start":{"line":107,"column":4},"end":{"line":109,"column":null}},{"start":{},"end":{}}],"line":107},"17":{"loc":{"start":{"line":112,"column":13},"end":{"line":112,"column":null}},"type":"binary-expr","locations":[{"start":{"line":112,"column":13},"end":{"line":112,"column":26}},{"start":{"line":112,"column":26},"end":{"line":112,"column":null}}],"line":112},"18":{"loc":{"start":{"line":119,"column":25},"end":{"line":128,"column":null}},"type":"cond-expr","locations":[{"start":{"line":120,"column":6},"end":{"line":120,"column":null}},{"start":{"line":121,"column":6},"end":{"line":128,"column":null}}],"line":119},"19":{"loc":{"start":{"line":124,"column":10},"end":{"line":126,"column":null}},"type":"binary-expr","locations":[{"start":{"line":124,"column":10},"end":{"line":124,"column":null}},{"start":{"line":125,"column":11},"end":{"line":125,"column":24}},{"start":{"line":125,"column":24},"end":{"line":125,"column":null}},{"start":{"line":126,"column":11},"end":{"line":126,"column":27}},{"start":{"line":126,"column":27},"end":{"line":126,"column":null}}],"line":124},"20":{"loc":{"start":{"line":145,"column":14},"end":{"line":145,"column":null}},"type":"binary-expr","locations":[{"start":{"line":145,"column":14},"end":{"line":145,"column":22}},{"start":{"line":145,"column":22},"end":{"line":145,"column":null}}],"line":145},"21":{"loc":{"start":{"line":150,"column":15},"end":{"line":160,"column":null}},"type":"cond-expr","locations":[{"start":{"line":151,"column":16},"end":{"line":156,"column":null}},{"start":{"line":157,"column":18},"end":{"line":160,"column":null}}],"line":150},"22":{"loc":{"start":{"line":152,"column":49},"end":{"line":152,"column":94}},"type":"binary-expr","locations":[{"start":{"line":152,"column":49},"end":{"line":152,"column":73}},{"start":{"line":152,"column":73},"end":{"line":152,"column":94}}],"line":152},"23":{"loc":{"start":{"line":153,"column":19},"end":{"line":154,"column":null}},"type":"binary-expr","locations":[{"start":{"line":153,"column":19},"end":{"line":153,"column":null}},{"start":{"line":154,"column":20},"end":{"line":154,"column":null}}],"line":153},"24":{"loc":{"start":{"line":157,"column":18},"end":{"line":160,"column":null}},"type":"cond-expr","locations":[{"start":{"line":158,"column":16},"end":{"line":158,"column":null}},{"start":{"line":160,"column":16},"end":{"line":160,"column":null}}],"line":157},"25":{"loc":{"start":{"line":177,"column":13},"end":{"line":180,"column":null}},"type":"cond-expr","locations":[{"start":{"line":178,"column":14},"end":{"line":178,"column":null}},{"start":{"line":180,"column":14},"end":{"line":180,"column":null}}],"line":177},"26":{"loc":{"start":{"line":193,"column":13},"end":{"line":230,"column":null}},"type":"cond-expr","locations":[{"start":{"line":194,"column":14},"end":{"line":197,"column":null}},{"start":{"line":198,"column":16},"end":{"line":230,"column":null}}],"line":193},"27":{"loc":{"start":{"line":193,"column":13},"end":{"line":193,"column":null}},"type":"binary-expr","locations":[{"start":{"line":193,"column":13},"end":{"line":193,"column":24}},{"start":{"line":193,"column":24},"end":{"line":193,"column":null}}],"line":193},"28":{"loc":{"start":{"line":198,"column":16},"end":{"line":230,"column":null}},"type":"cond-expr","locations":[{"start":{"line":199,"column":14},"end":{"line":199,"column":null}},{"start":{"line":201,"column":14},"end":{"line":230,"column":null}}],"line":198},"29":{"loc":{"start":{"line":210,"column":20},"end":{"line":212,"column":null}},"type":"cond-expr","locations":[{"start":{"line":211,"column":24},"end":{"line":211,"column":null}},{"start":{"line":212,"column":24},"end":{"line":212,"column":null}}],"line":210},"30":{"loc":{"start":{"line":216,"column":60},"end":{"line":216,"column":83}},"type":"binary-expr","locations":[{"start":{"line":216,"column":60},"end":{"line":216,"column":73}},{"start":{"line":216,"column":73},"end":{"line":216,"column":83}}],"line":216},"31":{"loc":{"start":{"line":217,"column":21},"end":{"line":218,"column":null}},"type":"binary-expr","locations":[{"start":{"line":217,"column":21},"end":{"line":217,"column":null}},{"start":{"line":218,"column":22},"end":{"line":218,"column":null}}],"line":217},"32":{"loc":{"start":{"line":222,"column":21},"end":{"line":225,"column":null}},"type":"binary-expr","locations":[{"start":{"line":222,"column":21},"end":{"line":222,"column":null}},{"start":{"line":223,"column":22},"end":{"line":225,"column":null}}],"line":222},"33":{"loc":{"start":{"line":227,"column":21},"end":{"line":227,"column":null}},"type":"binary-expr","locations":[{"start":{"line":227,"column":21},"end":{"line":227,"column":44}},{"start":{"line":227,"column":44},"end":{"line":227,"column":null}}],"line":227},"34":{"loc":{"start":{"line":232,"column":10},"end":{"line":260,"column":null}},"type":"binary-expr","locations":[{"start":{"line":234,"column":12},"end":{"line":234,"column":27}},{"start":{"line":234,"column":27},"end":{"line":234,"column":41}},{"start":{"line":234,"column":41},"end":{"line":234,"column":null}},{"start":{"line":235,"column":12},"end":{"line":260,"column":null}}],"line":232},"35":{"loc":{"start":{"line":236,"column":15},"end":{"line":258,"column":null}},"type":"cond-expr","locations":[{"start":{"line":237,"column":16},"end":{"line":246,"column":null}},{"start":{"line":248,"column":16},"end":{"line":258,"column":null}}],"line":236},"36":{"loc":{"start":{"line":244,"column":25},"end":{"line":244,"column":54}},"type":"binary-expr","locations":[{"start":{"line":244,"column":25},"end":{"line":244,"column":40}},{"start":{"line":244,"column":40},"end":{"line":244,"column":54}}],"line":244},"37":{"loc":{"start":{"line":257,"column":25},"end":{"line":257,"column":54}},"type":"binary-expr","locations":[{"start":{"line":257,"column":25},"end":{"line":257,"column":40}},{"start":{"line":257,"column":40},"end":{"line":257,"column":54}}],"line":257},"38":{"loc":{"start":{"line":276,"column":2},"end":{"line":276,"column":null}},"type":"default-arg","locations":[{"start":{"line":276,"column":16},"end":{"line":276,"column":null}}],"line":276},"39":{"loc":{"start":{"line":277,"column":2},"end":{"line":277,"column":null}},"type":"default-arg","locations":[{"start":{"line":277,"column":14},"end":{"line":277,"column":null}}],"line":277},"40":{"loc":{"start":{"line":289,"column":15},"end":{"line":289,"column":null}},"type":"binary-expr","locations":[{"start":{"line":289,"column":15},"end":{"line":289,"column":29}},{"start":{"line":289,"column":29},"end":{"line":289,"column":null}}],"line":289}},"s":{"0":215,"1":215,"2":215,"3":215,"4":215,"5":215,"6":105,"7":105,"8":215,"9":69,"10":69,"11":0,"12":215,"13":0,"14":0,"15":0,"16":0,"17":0,"18":0,"19":0,"20":0,"21":0,"22":0,"23":0,"24":0,"25":215,"26":1,"27":0,"28":1,"29":1,"30":1,"31":1,"32":0,"33":0,"34":0,"35":0,"36":1,"37":215,"38":343,"39":0,"40":343,"41":215,"42":343,"43":343,"44":215,"45":275,"46":215,"47":0,"48":343,"49":1,"50":1,"51":0,"52":0,"53":0},"f":{"0":215,"1":105,"2":69,"3":69,"4":0,"5":0,"6":1,"7":0,"8":0,"9":0,"10":343,"11":343,"12":275,"13":0,"14":343,"15":1,"16":0,"17":0},"b":{"0":[215],"1":[215],"2":[215],"3":[215],"4":[215],"5":[215],"6":[215],"7":[105,0],"8":[0,69],"9":[0,0],"10":[0,0],"11":[0,0],"12":[0,1],"13":[1,0],"14":[0,1],"15":[0,0],"16":[0,343],"17":[343,0],"18":[0,215],"19":[343,0,0,0,0],"20":[215,2],"21":[55,160],"22":[55,0],"23":[55,24],"24":[0,160],"25":[0,215],"26":[0,215],"27":[215,0],"28":[45,170],"29":[55,288],"30":[343,0],"31":[343,70],"32":[343,18],"33":[343,55],"34":[215,130,130,85],"35":[85,0],"36":[85,0],"37":[0,0],"38":[0],"39":[0],"40":[0,0]},"meta":{"lastBranch":41,"lastFunction":18,"lastStatement":54,"seen":{"f:31:16:31:33":0,"b:33:28:33:Infinity":0,"b:36:13:36:Infinity":1,"b:37:16:37:Infinity":2,"b:38:22:38:Infinity":3,"b:39:14:39:Infinity":4,"b:40:20:40:Infinity":5,"b:44:14:44:Infinity":6,"s:47:22:47:Infinity":0,"s:48:26:48:Infinity":1,"s:49:38:49:Infinity":2,"s:50:28:50:Infinity":3,"s:51:8:51:Infinity":4,"s:54:2:58:Infinity":5,"f:54:12:54:18":1,"b:55:4:57:Infinity:undefined:undefined:undefined:undefined":7,"s:55:4:57:Infinity":6,"s:56:6:56:Infinity":7,"s:60:2:64:Infinity":8,"f:60:12:60:18":2,"s:61:4:63:Infinity":9,"f:61:11:61:17":3,"b:62:6:62:Infinity:undefined:undefined:undefined:undefined":8,"s:62:6:62:Infinity":10,"s:62:31:62:Infinity":11,"s:67:28:86:Infinity":12,"f:67:28:67:29":4,"s:68:4:68:Infinity":13,"b:69:4:69:Infinity:undefined:undefined:undefined:undefined":9,"s:69:4:69:Infinity":14,"s:69:19:69:Infinity":15,"b:71:4:73:Infinity:undefined:undefined:undefined:undefined":10,"s:71:4:73:Infinity":16,"s:72:6:72:Infinity":17,"s:75:4:85:Infinity":18,"f:75:37:75:49":5,"s:76:6:76:Infinity":19,"s:77:6:84:Infinity":20,"s:78:24:78:Infinity":21,"s:79:8:79:Infinity":22,"b:79:24:79:35:79:35:79:37":11,"s:81:8:81:Infinity":23,"s:83:8:83:Infinity":24,"s:89:27:104:Infinity":25,"f:89:27:89:28":6,"b:90:4:90:Infinity:undefined:undefined:undefined:undefined":12,"s:90:4:90:Infinity":26,"s:90:18:90:Infinity":27,"s:91:4:91:Infinity":28,"b:92:4:103:Infinity:undefined:undefined:undefined:undefined":13,"s:92:4:103:Infinity":29,"s:93:6:93:Infinity":30,"b:94:6:102:Infinity:100:13:102:Infinity":14,"s:94:6:102:Infinity":31,"s:95:8:95:Infinity":32,"s:96:8:99:Infinity":33,"f:97:16:97:17":7,"s:97:25:97:51":34,"b:97:41:97:48:97:48:97:50":15,"f:98:17:98:23":8,"f:99:19:99:25":9,"s:99:25:99:42":35,"s:101:8:101:Infinity":36,"s:106:54:116:Infinity":37,"f:106:71:106:72":10,"b:107:4:109:Infinity:undefined:undefined:undefined:undefined":16,"s:107:4:109:Infinity":38,"s:108:6:108:Infinity":39,"s:110:4:115:Infinity":40,"b:112:13:112:26:112:26:112:Infinity":17,"s:119:25:128:Infinity":41,"b:120:6:120:Infinity:121:6:128:Infinity":18,"f:121:31:121:32":11,"s:122:18:122:Infinity":42,"s:123:8:126:Infinity":43,"b:124:10:124:Infinity:125:11:125:24:125:24:125:Infinity:126:11:126:27:126:27:126:Infinity":19,"s:130:25:130:Infinity":44,"f:130:48:130:49":12,"s:130:57:130:76":45,"s:132:2:264:Infinity":46,"b:145:14:145:22:145:22:145:Infinity":20,"b:151:16:156:Infinity:157:18:160:Infinity":21,"b:152:49:152:73:152:73:152:94":22,"b:153:19:153:Infinity:154:20:154:Infinity":23,"b:158:16:158:Infinity:160:16:160:Infinity":24,"b:178:14:178:Infinity:180:14:180:Infinity":25,"f:186:24:186:25":13,"s:186:31:186:Infinity":47,"b:194:14:197:Infinity:198:16:230:Infinity":26,"b:193:13:193:24:193:24:193:Infinity":27,"b:199:14:199:Infinity:201:14:230:Infinity":28,"f:201:33:201:34":14,"s:202:16:229:Infinity":48,"f:205:27:205:33":15,"s:206:20:206:Infinity":49,"s:207:20:207:Infinity":50,"b:211:24:211:Infinity:212:24:212:Infinity":29,"b:216:60:216:73:216:73:216:83":30,"b:217:21:217:Infinity:218:22:218:Infinity":31,"b:222:21:222:Infinity:223:22:225:Infinity":32,"b:227:21:227:44:227:44:227:Infinity":33,"b:234:12:234:27:234:27:234:41:234:41:234:Infinity:235:12:260:Infinity":34,"b:237:16:246:Infinity:248:16:258:Infinity":35,"b:244:25:244:40:244:40:244:54":36,"f:250:27:250:33":16,"s:251:20:251:Infinity":51,"s:252:20:252:Infinity":52,"b:257:25:257:40:257:40:257:54":37,"f:271:16:271:42":17,"b:276:16:276:Infinity":38,"b:277:14:277:Infinity":39,"s:286:2:297:Infinity":53,"b:289:15:289:29:289:29:289:Infinity":40}}}
,"/Users/rabihutomo/code/erp.codeverta.com/apps/admin/src/components/ui/select.tsx": {"path":"/Users/rabihutomo/code/erp.codeverta.com/apps/admin/src/components/ui/select.tsx","statementMap":{"0":{"start":{"line":10,"column":2},"end":{"line":10,"column":null}},"1":{"start":{"line":16,"column":2},"end":{"line":16,"column":null}},"2":{"start":{"line":22,"column":2},"end":{"line":22,"column":null}},"3":{"start":{"line":33,"column":2},"end":{"line":47,"column":null}},"4":{"start":{"line":57,"column":2},"end":{"line":82,"column":null}},"5":{"start":{"line":90,"column":2},"end":{"line":95,"column":null}},"6":{"start":{"line":104,"column":2},"end":{"line":119,"column":null}},"7":{"start":{"line":127,"column":2},"end":{"line":132,"column":null}},"8":{"start":{"line":140,"column":2},"end":{"line":150,"column":null}},"9":{"start":{"line":158,"column":2},"end":{"line":168,"column":null}}},"fnMap":{"0":{"name":"Select","decl":{"start":{"line":7,"column":9},"end":{"line":7,"column":16}},"loc":{"start":{"line":9,"column":54},"end":{"line":11,"column":null}},"line":9},"1":{"name":"SelectGroup","decl":{"start":{"line":13,"column":9},"end":{"line":13,"column":21}},"loc":{"start":{"line":15,"column":55},"end":{"line":17,"column":null}},"line":15},"2":{"name":"SelectValue","decl":{"start":{"line":19,"column":9},"end":{"line":19,"column":21}},"loc":{"start":{"line":21,"column":55},"end":{"line":23,"column":null}},"line":21},"3":{"name":"SelectTrigger","decl":{"start":{"line":25,"column":9},"end":{"line":25,"column":23}},"loc":{"start":{"line":32,"column":3},"end":{"line":49,"column":null}},"line":32},"4":{"name":"SelectContent","decl":{"start":{"line":51,"column":9},"end":{"line":51,"column":23}},"loc":{"start":{"line":56,"column":57},"end":{"line":84,"column":null}},"line":56},"5":{"name":"SelectLabel","decl":{"start":{"line":86,"column":9},"end":{"line":86,"column":21}},"loc":{"start":{"line":89,"column":55},"end":{"line":97,"column":null}},"line":89},"6":{"name":"SelectItem","decl":{"start":{"line":99,"column":9},"end":{"line":99,"column":20}},"loc":{"start":{"line":103,"column":54},"end":{"line":121,"column":null}},"line":103},"7":{"name":"SelectSeparator","decl":{"start":{"line":123,"column":9},"end":{"line":123,"column":25}},"loc":{"start":{"line":126,"column":59},"end":{"line":134,"column":null}},"line":126},"8":{"name":"SelectScrollUpButton","decl":{"start":{"line":136,"column":9},"end":{"line":136,"column":30}},"loc":{"start":{"line":139,"column":64},"end":{"line":152,"column":null}},"line":139},"9":{"name":"SelectScrollDownButton","decl":{"start":{"line":154,"column":9},"end":{"line":154,"column":32}},"loc":{"start":{"line":157,"column":66},"end":{"line":170,"column":null}},"line":157}},"branchMap":{"0":{"loc":{"start":{"line":27,"column":2},"end":{"line":27,"column":null}},"type":"default-arg","locations":[{"start":{"line":27,"column":9},"end":{"line":27,"column":null}}],"line":27},"1":{"loc":{"start":{"line":54,"column":2},"end":{"line":54,"column":null}},"type":"default-arg","locations":[{"start":{"line":54,"column":13},"end":{"line":54,"column":null}}],"line":54},"2":{"loc":{"start":{"line":63,"column":10},"end":{"line":64,"column":null}},"type":"binary-expr","locations":[{"start":{"line":63,"column":10},"end":{"line":63,"column":null}},{"start":{"line":64,"column":12},"end":{"line":64,"column":null}}],"line":63},"3":{"loc":{"start":{"line":74,"column":12},"end":{"line":75,"column":null}},"type":"binary-expr","locations":[{"start":{"line":74,"column":12},"end":{"line":74,"column":null}},{"start":{"line":75,"column":14},"end":{"line":75,"column":null}}],"line":74}},"s":{"0":16,"1":0,"2":16,"3":16,"4":16,"5":0,"6":34,"7":0,"8":16,"9":16},"f":{"0":16,"1":0,"2":16,"3":16,"4":16,"5":0,"6":34,"7":0,"8":16,"9":16},"b":{"0":[16],"1":[16],"2":[16,16],"3":[16,16]},"meta":{"lastBranch":4,"lastFunction":10,"lastStatement":10,"seen":{"f:7:9:7:16":0,"s:10:2:10:Infinity":0,"f:13:9:13:21":1,"s:16:2:16:Infinity":1,"f:19:9:19:21":2,"s:22:2:22:Infinity":2,"f:25:9:25:23":3,"b:27:9:27:Infinity":0,"s:33:2:47:Infinity":3,"f:51:9:51:23":4,"b:54:13:54:Infinity":1,"s:57:2:82:Infinity":4,"b:63:10:63:Infinity:64:12:64:Infinity":2,"b:74:12:74:Infinity:75:14:75:Infinity":3,"f:86:9:86:21":5,"s:90:2:95:Infinity":5,"f:99:9:99:20":6,"s:104:2:119:Infinity":6,"f:123:9:123:25":7,"s:127:2:132:Infinity":7,"f:136:9:136:30":8,"s:140:2:150:Infinity":8,"f:154:9:154:32":9,"s:158:2:168:Infinity":9}}}
,"/Users/rabihutomo/code/erp.codeverta.com/apps/admin/src/components/ui/table.tsx": {"path":"/Users/rabihutomo/code/erp.codeverta.com/apps/admin/src/components/ui/table.tsx","statementMap":{"0":{"start":{"line":6,"column":2},"end":{"line":16,"column":null}},"1":{"start":{"line":21,"column":2},"end":{"line":26,"column":null}},"2":{"start":{"line":31,"column":2},"end":{"line":36,"column":null}},"3":{"start":{"line":41,"column":2},"end":{"line":49,"column":null}},"4":{"start":{"line":55,"column":2},"end":{"line":64,"column":null}},"5":{"start":{"line":69,"column":2},"end":{"line":77,"column":null}},"6":{"start":{"line":82,"column":2},"end":{"line":90,"column":null}},"7":{"start":{"line":98,"column":2},"end":{"line":103,"column":null}}},"fnMap":{"0":{"name":"Table","decl":{"start":{"line":5,"column":9},"end":{"line":5,"column":15}},"loc":{"start":{"line":5,"column":71},"end":{"line":18,"column":null}},"line":5},"1":{"name":"TableHeader","decl":{"start":{"line":20,"column":9},"end":{"line":20,"column":21}},"loc":{"start":{"line":20,"column":77},"end":{"line":28,"column":null}},"line":20},"2":{"name":"TableBody","decl":{"start":{"line":30,"column":9},"end":{"line":30,"column":19}},"loc":{"start":{"line":30,"column":75},"end":{"line":38,"column":null}},"line":30},"3":{"name":"TableFooter","decl":{"start":{"line":40,"column":9},"end":{"line":40,"column":21}},"loc":{"start":{"line":40,"column":77},"end":{"line":51,"column":null}},"line":40},"4":{"name":"TableRow","decl":{"start":{"line":53,"column":9},"end":{"line":53,"column":18}},"loc":{"start":{"line":54,"column":28},"end":{"line":66,"column":null}},"line":54},"5":{"name":"TableHead","decl":{"start":{"line":68,"column":9},"end":{"line":68,"column":19}},"loc":{"start":{"line":68,"column":72},"end":{"line":79,"column":null}},"line":68},"6":{"name":"TableCell","decl":{"start":{"line":81,"column":9},"end":{"line":81,"column":19}},"loc":{"start":{"line":81,"column":72},"end":{"line":92,"column":null}},"line":81},"7":{"name":"TableCaption","decl":{"start":{"line":94,"column":9},"end":{"line":94,"column":22}},"loc":{"start":{"line":97,"column":36},"end":{"line":105,"column":null}},"line":97}},"branchMap":{"0":{"loc":{"start":{"line":61,"column":8},"end":{"line":61,"column":null}},"type":"cond-expr","locations":[{"start":{"line":61,"column":23},"end":{"line":61,"column":28}},{"start":{"line":61,"column":28},"end":{"line":61,"column":null}}],"line":61}},"s":{"0":34,"1":34,"2":34,"3":0,"4":70,"5":289,"6":185,"7
[...]
09:44:709:45":93,"s:709:53:709:78":244,"s:712:8:714:Infinity":245,"f:712:59:712:65":94,"s:713:4:713:Infinity":246,"b:713:12:713:32:713:32:713:36":101,"f:713:40:713:41":95,"s:713:48:713:71":247,"s:716:8:720:Infinity":248,"f:716:65:716:71":96,"s:717:4:719:Infinity":249,"b:717:12:717:40:717:40:717:92":102,"f:718:6:718:7":97,"s:718:14:718:Infinity":250,"s:722:56:731:Infinity":251,"f:723:86:723:87":98,"s:723:99:723:113":252,"f:724:54:724:55":99,"s:724:67:724:581":253,"f:724:179:724:180":100,"s:724:190:724:226":254,"b:724:394:724:420:724:420:724:473:724:473:724:574":103,"f:725:59:725:60":101,"s:725:72:725:406":255,"f:725:189:725:190":102,"s:725:200:725:245":256,"f:726:65:726:66":103,"s:726:78:726:273":257,"f:726:190:726:191":104,"s:726:201:726:270":258,"f:727:47:727:48":105,"s:727:60:727:235":259,"f:727:134:727:135":106,"s:727:145:727:184":260,"f:728:71:728:72":107,"s:728:84:728:256":261,"f:728:181:728:182":108,"s:728:192:728:253":262,"f:729:72:729:73":109,"s:729:81:729:93":263,"f:729:99:729:100":110,"s:729:112:729:157":264,"f:730:88:730:89":111,"s:730:101:730:421":265,"f:730:247:730:253":112,"s:730:253:730:369":266,"f:730:264:730:265":113,"s:730:277:730:366":267,"f:730:329:730:330":114,"s:730:343:730:362":268,"s:733:54:743:Infinity":269,"f:734:86:734:87":115,"s:734:99:734:113":270,"f:735:63:735:64":116,"s:735:76:735:391":271,"f:735:183:735:184":117,"s:735:194:735:272":272,"f:736:56:736:57":118,"s:736:69:736:507":273,"f:736:177:736:178":119,"s:736:188:736:284":274,"f:737:65:737:66":120,"s:737:78:737:203":275,"f:737:129:737:130":121,"s:737:140:737:200":276,"f:738:53:738:54":122,"s:738:66:738:208":277,"f:738:134:738:135":123,"s:738:145:738:205":278,"f:739:58:739:59":124,"s:739:67:739:83":279,"f:739:89:739:90":125,"s:739:102:739:151":280,"f:740:54:740:55":126,"s:740:63:740:79":281,"f:740:85:740:86":127,"s:740:98:740:301":282,"f:740:221:740:222":128,"s:740:232:740:298":283,"f:741:48:741:49":129,"s:741:57:741:68":284,"f:741:74:741:75":130,"s:741:87:741:131":285,"f:742:88:742:89":131,"s:742:101:742:384":286,"f:742:210:742:216":132,"s:742:216:742:332":287,"f:742:227:742:228":133,"s:742:240:742:329":288,"f:742:292:742:293":134,"s:742:306:742:325":289,"s:745:18:750:Infinity":290,"f:745:18:745:25":135,"s:745:25:750:Infinity":291,"b:749:23:749:67:749:67:749:Infinity":104,"s:752:19:763:Infinity":292,"f:752:19:752:Infinity":136,"s:753:4:763:Infinity":293,"b:754:8:754:Infinity:755:8:763:Infinity":105,"b:756:8:756:Infinity:757:8:763:Infinity":106,"b:758:8:758:Infinity:759:8:763:Infinity":107,"b:760:8:760:Infinity:761:8:763:Infinity":108,"f:759:27:759:28":137,"s:759:37:759:98":294,"b:759:37:759:63:759:63:759:89:759:89:759:98":109,"b:762:8:762:Infinity:763:8:763:Infinity":110,"f:761:27:761:28":138,"s:761:36:761:60":295,"s:765:15:791:Infinity":296,"f:765:15:765:27":139,"s:766:20:766:Infinity":297,"b:767:4:767:Infinity:undefined:undefined:undefined:undefined":111,"s:767:4:767:Infinity":298,"s:767:17:767:Infinity":299,"s:768:4:768:Infinity":300,"s:769:4:790:Infinity":301,"s:770:20:772:Infinity":302,"b:771:10:771:Infinity:772:10:772:Infinity":112,"s:773:6:775:Infinity":303,"b:774:16:774:53:774:53:774:Infinity":113,"s:776:6:776:Infinity":304,"s:777:6:785:Infinity":305,"b:783:27:783:71:783:71:783:Infinity":114,"s:787:6:787:Infinity":306,"b:787:18:787:50:787:50:787:84":115,"s:789:6:789:Infinity":307,"s:793:17:809:Infinity":308,"f:793:17:793:29":140,"b:794:4:798:Infinity:undefined:undefined:undefined:undefined":116,"s:794:4:798:Infinity":309,"b:795:6:795:Infinity:796:6:796:Infinity":117,"s:798:6:798:Infinity":310,"s:799:4:799:Infinity":311,"s:800:4:808:Infinity":312,"s:801:6:801:Infinity":313,"s:802:6:802:Infinity":314,"s:803:6:803:Infinity":315,"s:805:6:805:Infinity":316,"b:805:18:805:50:805:50:805:81":118,"s:807:6:807:Infinity":317,"b:811:2:812:Infinity:undefined:undefined:undefined:undefined":119,"s:811:2:812:Infinity":318,"s:812:4:812:Infinity":319,"s:814:19:814:Infinity":320,"b:814:19:814:28:814:28:814:Infinity":120,"s:815:37:821:Infinity":321,"s:823:2:1660:Infinity":322,"b:836:25:836:50:836:50:836:Infinity":121,"b:839:33:839:47:839:47:839:Infinity":122,"b:839:80:839:92:839:92:839:Infinity":123,"b:840:60:840:79:840:79:840:Infinity":124,"b:842:25:842:39:842:39:842:Infinity":125,"b:848:11:848:21:848:21:848:Infinity:849:12:851:Infinity":126,"b:853:11:853:Infinity:854:12:856:Infinity":127,"b:855:52:855:66:855:66:855:Infinity":128,"f:862:41:862:42":141,"s:862:52:862:Infinity":323,"f:864:22:864:23":142,"s:865:14:871:Infinity":324,"b:878:13:878:Infinity:879:14:1495:Infinity":129,"f:885:34:885:35":143,"s:885:41:885:Infinity":325,"f:902:34:902:35":144,"s:902:41:902:Infinity":326,"f:909:34:909:35":145,"s:909:41:909:Infinity":327,"f:917:34:917:35":146,"s:917:41:917:Infinity":328,"f:924:34:924:35":147,"s:924:41:924:Infinity":329,"f:929:32:929:33":148,"s:929:39:929:Infinity":330,"f:935:32:935:33":149,"s:935:39:935:Infinity":331,"f:941:32:941:33":150,"s:941:39:941:Infinity":332,"f:947:32:947:33":151,"s:947:39:947:Infinity":333,"f:959:34:959:35":152,"s:959:41:959:Infinity":334,"b:965:31:965:52:965:52:965:Infinity":130,"f:966:34:966:35":153,"s:966:41:966:Infinity":335,"b:966:61:966:79:966:79:966:83":131,"f:978:34:978:35":154,"s:978:41:978:Infinity":336,"f:987:34:987:35":155,"s:987:41:987:Infinity":337,"f:1001:34:1001:35":156,"s:1001:41:1001:Infinity":338,"f:1019:32:1019:33":157,"s:1019:39:1019:Infinity":339,"f:1025:32:1025:33":158,"s:1025:39:1025:Infinity":340,"f:1038:36:1038:37":159,"s:1038:43:1038:Infinity":341,"f:1040:37:1040:38":160,"b:1041:28:1044:Infinity:undefined:undefined:undefined:undefined":132,"s:1041:28:1044:Infinity":342,"s:1042:30:1042:Infinity":343,"s:1043:30:1043:Infinity":344,"f:1054:32:1054:33":161,"s:1054:39:1054:Infinity":345,"f:1060:32:1060:33":162,"s:1060:39:1060:Infinity":346,"f:1066:82:1066:83":163,"s:1066:96:1066:121":347,"f:1179:29:1179:Infinity":164,"s:1180:22:1182:Infinity":348,"f:1180:33:1180:34":165,"s:1181:24:1181:Infinity":349,"f:1206:34:1206:35":166,"s:1206:41:1206:Infinity":350,"f:1229:34:1229:35":167,"s:1229:41:1229:Infinity":351,"f:1238:34:1238:35":168,"s:1238:41:1238:Infinity":352,"f:1245:81:1245:82":169,"s:1245:95:1245:119":353,"f:1370:29:1370:Infinity":170,"s:1371:22:1373:Infinity":354,"f:1371:33:1371:34":171,"s:1372:24:1372:Infinity":355,"b:1395:21:1395:Infinity:1396:22:1412:Infinity":133,"f:1420:30:1420:31":172,"s:1420:37:1420:Infinity":356,"f:1452:34:1452:35":173,"s:1453:26:1456:Infinity":357,"f:1473:34:1473:35":174,"s:1474:26:1474:Infinity":358,"f:1488:34:1488:35":175,"s:1489:26:1489:Infinity":359,"b:1498:13:1498:Infinity:1499:14:1565:Infinity":134,"f:1504:32:1504:33":176,"s:1504:39:1504:Infinity":360,"f:1512:34:1512:35":177,"s:1512:41:1512:Infinity":361,"f:1520:34:1520:35":178,"s:1520:41:1520:Infinity":362,"f:1532:34:1532:35":179,"s:1532:41:1532:Infinity":363,"f:1541:34:1541:35":180,"s:1541:41:1541:Infinity":364,"f:1548:34:1548:35":181,"s:1548:41:1548:Infinity":365,"b:1568:13:1568:Infinity:1569:14:1609:Infinity":135,"f:1575:34:1575:35":182,"s:1575:41:1575:Infinity":366,"f:1581:34:1581:35":183,"s:1581:41:1581:Infinity":367,"f:1591:34:1591:35":184,"s:1591:41:1591:Infinity":368,"f:1598:34:1598:35":185,"s:1598:41:1598:Infinity":369,"f:1604:34:1604:35":186,"s:1604:41:1604:Infinity":370,"b:1612:13:1612:Infinity:1613:14:1632:Infinity":136,"f:1619:32:1619:33":187,"s:1619:39:1619:Infinity":371,"f:1628:32:1628:33":188,"s:1628:39:1628:Infinity":372,"b:1635:13:1635:Infinity:1636:14:1655:Infinity":137,"f:1641:32:1641:33":189,"s:1641:39:1641:Infinity":373,"b:1645:42:1645:56:1645:56:1645:72":138,"f:1651:32:1651:33":190,"s:1651:39:1651:Infinity":374}}}
,"/Users/rabihutomo/code/erp.codeverta.com/apps/admin/src/modules/selling/itemPriceApi.ts": {"path":"/Users/rabihutomo/code/erp.codeverta.com/apps/admin/src/modules/selling/itemPriceApi.ts","statementMap":{"0":{"start":{"line":41,"column":15},"end":{"line":41,"column":null}},"1":{"start":{"line":41,"column":27},"end":{"line":41,"column":null}},"2":{"start":{"line":43,"column":28},"end":{"line":72,"column":null}},"3":{"start":{"line":45,"column":4},"end":{"line":45,"column":null}},"4":{"start":{"line":47,"column":4},"end":{"line":47,"column":null}},"5":{"start":{"line":49,"column":4},"end":{"line":49,"column":null}},"6":{"start":{"line":51,"column":4},"end":{"line":51,"column":null}},"7":{"start":{"line":53,"column":4},"end":{"line":53,"column":null}},"8":{"start":{"line":55,"column":4},"end":{"line":55,"column":null}},"9":{"start":{"line":57,"column":4},"end":{"line":62,"column":null}},"10":{"start":{"line":58,"column":18},"end":{"line":58,"column":null}},"11":{"start":{"line":59,"column":6},"end":{"line":59,"column":null}},"12":{"start":{"line":61,"column":6},"end":{"line":61,"column":null}},"13":{"start":{"line":65,"column":4},"end":{"line":70,"column":null}},"14":{"start":{"line":66,"column":18},"end":{"line":66,"column":null}},"15":{"start":{"line":67,"column":6},"end":{"line":67,"column":null}},"16":{"start":{"line":69,"column":6},"end":{"line":69,"column":null}}},"fnMap":{"0":{"name":"(anonymous_0)","decl":{"start":{"line":41,"column":15},"end":{"line":41,"column":16}},"loc":{"start":{"line":41,"column":27},"end":{"line":41,"column":null}},"line":41},"1":{"name":"(anonymous_1)","decl":{"start":{"line":44,"column":8},"end":{"line":44,"column":15}},"loc":{"start":{"line":45,"column":4},"end":{"line":45,"column":null}},"line":45},"2":{"name":"(anonymous_2)","decl":{"start":{"line":46,"column":7},"end":{"line":46,"column":14}},"loc":{"start":{"line":47,"column":4},"end":{"line":47,"column":null}},"line":47},"3":{"name":"(anonymous_3)","decl":{"start":{"line":48,"column":10},"end":{"line":48,"column":17}},"loc":{"start":{"line":49,"column":4},"end":{"line":49,"column":null}},"line":49},"4":{"name":"(anonymous_4)","decl":{"start":{"line":50,"column":10},"end":{"line":50,"column":17}},"loc":{"start":{"line":51,"column":4},"end":{"line":51,"column":null}},"line":51},"5":{"name":"(anonymous_5)","decl":{"start":{"line":52,"column":10},"end":{"line":52,"column":17}},"loc":{"start":{"line":53,"column":4},"end":{"line":53,"column":null}},"line":53},"6":{"name":"(anonymous_6)","decl":{"start":{"line":54,"column":18},"end":{"line":54,"column":null}},"loc":{"start":{"line":55,"column":4},"end":{"line":55,"column":null}},"line":55},"7":{"name":"(anonymous_7)","decl":{"start":{"line":56,"column":13},"end":{"line":56,"column":20}},"loc":{"start":{"line":56,"column":31},"end":{"line":63,"column":null}},"line":56},"8":{"name":"(anonymous_8)","decl":{"start":{"line":64,"column":12},"end":{"line":64,"column":19}},"loc":{"start":{"line":64,"column":30},"end":{"line":71,"column":null}},"line":64}},"branchMap":{"0":{"loc":{"start":{"line":41,"column":27},"end":{"line":41,"column":null}},"type":"binary-expr","locations":[{"start":{"line":41,"column":27},"end":{"line":41,"column":44}},{"start":{"line":41,"column":44},"end":{"line":41,"column":55}},{"start":{"line":41,"column":55},"end":{"line":41,"column":null}}],"line":41},"1":{"loc":{"start":{"line":56,"column":20},"end":{"line":56,"column":31}},"type":"default-arg","locations":[{"start":{"line":56,"column":24},"end":{"line":56,"column":31}}],"line":56},"2":{"loc":{"start":{"line":59,"column":14},"end":{"line":59,"column":null}},"type":"binary-expr","locations":[{"start":{"line":59,"column":14},"end":{"line":59,"column":29}},{"start":{"line":59,"column":29},"end":{"line":59,"column":null}}],"line":59},"3":{"loc":{"start":{"line":64,"column":19},"end":{"line":64,"column":30}},"type":"default-arg","locations":[{"start":{"line":64,"column":23},"end":{"line":64,"column":30}}],"line":64},"4":{"loc":{"start":{"line":66,"column":57},"end":{"line":66,"column":79}},"type":"cond-expr","locations":[{"start":{"line":66,"column":61},"end":{"line":66,"column":69}},{"start":{"line":66,"column":69},"end":{"line":66,"column":79}}],"line":66},"5":{"loc":{"start":{"line":67,"column":14},"end":{"line":67,"column":null}},"type":"binary-expr","locations":[{"start":{"line":67,"column":14},"end":{"line":67,"column":29}},{"start":{"line":67,"column":29},"end":{"line":67,"column":null}}],"line":67}},"s":{"0":1,"1":4,"2":1,"3":1,"4":0,"5":0,"6":0,"7":0,"8":3,"9":0,"10":0,"11":0,"12":0,"13":0,"14":0,"15":0,"16":0},"f":{"0":4,"1":1,"2":0,"3":0,"4":0,"5":0,"6":3,"7":0,"8":0},"b":{"0":[4,0,0],"1":[0],"2":[0,0],"3":[0],"4":[0,0],"5":[0,0]},"meta":{"lastBranch":6,"lastFunction":9,"lastStatement":17,"seen":{"s:41:15:41:Infinity":0,"f:41:15:41:16":0,"s:41:27:41:Infinity":1,"b:41:27:41:44:41:44:41:55:41:55:41:Infinity":0,"s:43:28:72:Infinity":2,"f:44:8:44:15":1,"s:45:4:45:Infinity":3,"f:46:7:46:14":2,"s:47:4:47:Infinity":4,"f:48:10:48:17":3,"s:49:4:49:Infinity":5,"f:50:10:50:17":4,"s:51:4:51:Infinity":6,"f:52:10:52:17":5,"s:53:4:53:Infinity":7,"f:54:18:54:Infinity":6,"s:55:4:55:Infinity":8,"f:56:13:56:20":7,"b:56:24:56:31":1,"s:57:4:62:Infinity":9,"s:58:18:58:Infinity":10,"s:59:6:59:Infinity":11,"b:59:14:59:29:59:29:59:Infinity":2,"s:61:6:61:Infinity":12,"f:64:12:64:19":8,"b:64:23:64:30":3,"s:65:4:70:Infinity":13,"s:66:18:66:Infinity":14,"b:66:61:66:69:66:69:66:79":4,"s:67:6:67:Infinity":15,"b:67:14:67:29:67:29:67:Infinity":5,"s:69:6:69:Infinity":16}}}
,"/Users/rabihutomo/code/erp.codeverta.com/apps/admin/src/modules/selling/taxCategoryApi.ts": {"path":"/Users/rabihutomo/code/erp.codeverta.com/apps/admin/src/modules/selling/taxCategoryApi.ts","statementMap":{"0":{"start":{"line":12,"column":30},"end":{"line":36,"column":null}},"1":{"start":{"line":14,"column":16},"end":{"line":14,"column":null}},"2":{"start":{"line":15,"column":4},"end":{"line":15,"column":null}},"3":{"start":{"line":19,"column":16},"end":{"line":19,"column":null}},"4":{"start":{"line":20,"column":4},"end":{"line":20,"column":null}},"5":{"start":{"line":24,"column":16},"end":{"line":24,"column":null}},"6":{"start":{"line":25,"column":4},"end":{"line":25,"column":null}},"7":{"start":{"line":29,"column":16},"end":{"line":29,"column":null}},"8":{"start":{"line":30,"column":4},"end":{"line":30,"column":null}},"9":{"start":{"line":34,"column":4},"end":{"line":34,"column":null}}},"fnMap":{"0":{"name":"(anonymous_0)","decl":{"start":{"line":13,"column":8},"end":{"line":13,"column":13}},"loc":{"start":{"line":13,"column":62},"end":{"line":16,"column":null}},"line":13},"1":{"name":"(anonymous_1)","decl":{"start":{"line":18,"column":8},"end":{"line":18,"column":12}},"loc":{"start":{"line":18,"column":46},"end":{"line":21,"column":null}},"line":18},"2":{"name":"(anonymous_2)","decl":{"start":{"line":23,"column":8},"end":{"line":23,"column":15}},"loc":{"start":{"line":23,"column":82},"end":{"line":26,"column":null}},"line":23},"3":{"name":"(anonymous_3)","decl":{"start":{"line":28,"column":8},"end":{"line":28,"column":15}},"loc":{"start":{"line":28,"column":94},"end":{"line":31,"column":null}},"line":28},"4":{"name":"(anonymous_4)","decl":{"start":{"line":33,"column":8},"end":{"line":33,"column":15}},"loc":{"start":{"line":33,"column":42},"end":{"line":35,"column":null}},"line":33}},"branchMap":{"0":{"loc":{"start":{"line":15,"column":11},"end":{"line":15,"column":null}},"type":"binary-expr","locations":[{"start":{"line":15,"column":11},"end":{"line":15,"column":29}},{"start":{"line":15,"column":29},"end":{"line":15,"column":null}}],"line":15}},"s":{"0":1,"1":3,"2":3,"3":0,"4":0,"5":0,"6":0,"7":0,"8":0,"9":0},"f":{"0":3,"1":0,"2":0,"3":0,"4":0},"b":{"0":[3,0]},"meta":{"lastBranch":1,"lastFunction":5,"lastStatement":10,"seen":{"s:12:30:36:Infinity":0,"f:13:8:13:13":0,"s:14:16:14:Infinity":1,"s:15:4:15:Infinity":2,"b:15:11:15:29:15:29:15:Infinity":0,"f:18:8:18:12":1,"s:19:16:19:Infinity":3,"s:20:4:20:Infinity":4,"f:23:8:23:15":2,"s:24:16:24:Infinity":5,"s:25:4:25:Infinity":6,"f:28:8:28:15":3,"s:29:16:29:Infinity":7,"s:30:4:30:Infinity":8,"f:33:8:33:15":4,"s:34:4:34:Infinity":9}}}
,"/Users/rabihutomo/code/erp.codeverta.com/apps/admin/src/modules/stock/warehouseApi.ts": {"path":"/Users/rabihutomo/code/erp.codeverta.com/apps/admin/src/modules/stock/warehouseApi.ts","statementMap":{"0":{"start":{"line":29,"column":15},"end":{"line":29,"column":null}},"1":{"start":{"line":29,"column":27},"end":{"line":29,"column":null}},"2":{"start":{"line":31,"column":28},"end":{"line":54,"column":null}},"3":{"start":{"line":33,"column":4},"end":{"line":33,"column":null}},"4":{"start":{"line":35,"column":4},"end":{"line":35,"column":null}},"5":{"start":{"line":37,"column":4},"end":{"line":37,"column":null}},"6":{"start":{"line":39,"column":4},"end":{"line":39,"column":null}},"7":{"start":{"line":41,"column":4},"end":{"line":41,"column":null}},"8":{"start":{"line":43,"column":4},"end":{"line":43,"column":null}},"9":{"start":{"line":45,"column":4},"end":{"line":45,"column":null}},"10":{"start":{"line":47,"column":4},"end":{"line":52,"column":null}},"11":{"start":{"line":48,"column":18},"end":{"line":48,"column":null}},"12":{"start":{"line":49,"column":6},"end":{"line":49,"column":null}},"13":{"start":{"line":51,"column":6},"end":{"line":51,"column":null}}},"fnMap":{"0":{"name":"(anonymous_0)","decl":{"start":{"line":29,"column":15},"end":{"line":29,"column":16}},"loc":{"start":{"line":29,"column":27},"end":{"line":29,"column":null}},"line":29},"1":{"name":"(anonymous_1)","decl":{"start":{"line":32,"column":8},"end":{"line":32,"column":15}},"loc":{"start":{"line":33,"column":4},"end":{"line":33,"column":null}},"line":33},"2":{"name":"(anonymous_2)","decl":{"start":{"line":34,"column":8},"end":{"line":34,"column":15}},"loc":{"start":{"line":35,"column":4},"end":{"line":35,"column":null}},"line":35},"3":{"name":"(anonymous_3)","decl":{"start":{"line":36,"column":7},"end":{"line":36,"column":14}},"loc":{"start":{"line":37,"column":4},"end":{"line":37,"column":null}},"line":37},"4":{"name":"(anonymous_4)","decl":{"start":{"line":38,"column":10},"end":{"line":38,"column":17}},"loc":{"start":{"line":39,"column":4},"end":{"line":39,"column":null}},"line":39},"5":{"name":"(anonymous_5)","decl":{"start":{"line":40,"column":10},"end":{"line":40,"column":17}},"loc":{"start":{"line":41,"column":4},"end":{"line":41,"column":null}},"line":41},"6":{"name":"(anonymous_6)","decl":{"start":{"line":42,"column":10},"end":{"line":42,"column":17}},"loc":{"start":{"line":43,"column":4},"end":{"line":43,"column":null}},"line":43},"7":{"name":"(anonymous_7)","decl":{"start":{"line":44,"column":8},"end":{"line":44,"column":null}},"loc":{"start":{"line":45,"column":4},"end":{"line":45,"column":null}},"line":45},"8":{"name":"(anonymous_8)","decl":{"start":{"line":46,"column":17},"end":{"line":46,"column":29}},"loc":{"start":{"line":46,"column":29},"end":{"line":53,"column":null}},"line":46}},"branchMap":{"0":{"loc":{"start":{"line":29,"column":27},"end":{"line":29,"column":null}},"type":"binary-expr","locations":[{"start":{"line":29,"column":27},"end":{"line":29,"column":44}},{"start":{"line":29,"column":44},"end":{"line":29,"column":55}},{"start":{"line":29,"column":55},"end":{"line":29,"column":null}}],"line":29},"1":{"loc":{"start":{"line":49,"column":14},"end":{"line":49,"column":null}},"type":"binary-expr","locations":[{"start":{"line":49,"column":14},"end":{"line":49,"column":29}},{"start":{"line":49,"column":29},"end":{"line":49,"column":null}}],"line":49}},"s":{"0":1,"1":3,"2":1,"3":3,"4":0,"5":0,"6":0,"7":0,"8":0,"9":0,"10":0,"11":0,"12":0,"13":0},"f":{"0":3,"1":3,"2":0,"3":0,"4":0,"5":0,"6":0,"7":0,"8":0},"b":{"0":[3,0,0],"1":[0,0]},"meta":{"lastBranch":2,"lastFunction":9,"lastStatement":14,"seen":{"s:29:15:29:Infinity":0,"f:29:15:29:16":0,"s:29:27:29:Infinity":1,"b:29:27:29:44:29:44:29:55:29:55:29:Infinity":0,"s:31:28:54:Infinity":2,"f:32:8:32:15":1,"s:33:4:33:Infinity":3,"f:34:8:34:15":2,"s:35:4:35:Infinity":4,"f:36:7:36:14":3,"s:37:4:37:Infinity":5,"f:38:10:38:17":4,"s:39:4:39:Infinity":6,"f:40:10:40:17":5,"s:41:4:41:Infinity":7,"f:42:10:42:17":6,"s:43:4:43:Infinity":8,"f:44:8:44:Infinity":7,"s:45:4:45:Infinity":9,"f:46:17:46:29":8,"s:47:4:52:Infinity":10,"s:48:18:48:Infinity":11,"s:49:6:49:Infinity":12,"b:49:14:49:29:49:29:49:Infinity":1,"s:51:6:51:Infinity":13}}}
}
